[0.086s] DEBUG:colcon:Command line arguments: ['/usr/bin/colcon', 'build']
[0.087s] DEBUG:colcon:Parsed command line arguments: Namespace(ament_cmake_args=None, base_paths=['.'], build_base='build', catkin_cmake_args=None, catkin_skip_building_tests=False, cmake_args=None, cmake_clean_cache=False, cmake_clean_first=False, cmake_force_configure=False, cmake_target=None, cmake_target_skip_unavailable=False, continue_on_error=False, event_handlers=None, executor='parallel', ignore_user_meta=False, install_base='install', log_base=None, log_level=None, main=<bound method BuildVerb.main of <colcon_core.verb.build.BuildVerb object at 0x7f0b080259d0>>, merge_install=False, metas=['./colcon.meta'], mixin=None, mixin_files=None, mixin_verb=('build',), packages_above=None, packages_above_and_dependencies=None, packages_above_depth=None, packages_end=None, packages_ignore=None, packages_ignore_regex=None, packages_select=None, packages_select_build_failed=False, packages_select_by_dep=None, packages_select_regex=None, packages_select_test_failures=False, packages_skip=None, packages_skip_build_finished=False, packages_skip_by_dep=None, packages_skip_regex=None, packages_skip_test_passed=False, packages_skip_up_to=None, packages_start=None, packages_up_to=None, packages_up_to_regex=None, parallel_workers=20, paths=None, symlink_install=False, test_result_base=None, verb_extension=<colcon_core.verb.build.BuildVerb object at 0x7f0b080259d0>, verb_name='build', verb_parser=<colcon_mixin.mixin.mixin_argument.MixinArgumentDecorator object at 0x7f0b08025f10>)
[0.102s] Level 1:colcon.colcon_core.package_discovery:discover_packages(colcon_meta) check parameters
[0.102s] Level 1:colcon.colcon_core.package_discovery:discover_packages(recursive) check parameters
[0.102s] Level 1:colcon.colcon_core.package_discovery:discover_packages(ignore) check parameters
[0.102s] Level 1:colcon.colcon_core.package_discovery:discover_packages(path) check parameters
[0.102s] Level 1:colcon.colcon_core.package_discovery:discover_packages(colcon_meta) discover
[0.102s] Level 1:colcon.colcon_core.package_discovery:discover_packages(recursive) discover
[0.102s] INFO:colcon.colcon_core.package_discovery:Crawling recursively for packages in '/workspaces/ros2_fprime_bridge/ros_ws'
[0.102s] Level 1:colcon.colcon_core.package_identification:_identify(.) by extensions ['ignore', 'ignore_ament_install']
[0.102s] Level 1:colcon.colcon_core.package_identification:_identify(.) by extension 'ignore'
[0.102s] Level 1:colcon.colcon_core.package_identification:_identify(.) by extension 'ignore_ament_install'
[0.102s] Level 1:colcon.colcon_core.package_identification:_identify(.) by extensions ['colcon_pkg']
[0.102s] Level 1:colcon.colcon_core.package_identification:_identify(.) by extension 'colcon_pkg'
[0.102s] Level 1:colcon.colcon_core.package_identification:_identify(.) by extensions ['colcon_meta']
[0.102s] Level 1:colcon.colcon_core.package_identification:_identify(.) by extension 'colcon_meta'
[0.102s] Level 1:colcon.colcon_core.package_identification:_identify(.) by extensions ['ros']
[0.102s] Level 1:colcon.colcon_core.package_identification:_identify(.) by extension 'ros'
[0.109s] Level 1:colcon.colcon_core.package_identification:_identify(.) by extensions ['cmake', 'python']
[0.109s] Level 1:colcon.colcon_core.package_identification:_identify(.) by extension 'cmake'
[0.109s] Level 1:colcon.colcon_core.package_identification:_identify(.) by extension 'python'
[0.109s] Level 1:colcon.colcon_core.package_identification:_identify(.) by extensions ['python_setup_py']
[0.109s] Level 1:colcon.colcon_core.package_identification:_identify(.) by extension 'python_setup_py'
[0.109s] Level 1:colcon.colcon_core.package_identification:_identify(build) by extensions ['ignore', 'ignore_ament_install']
[0.109s] Level 1:colcon.colcon_core.package_identification:_identify(build) by extension 'ignore'
[0.109s] Level 1:colcon.colcon_core.package_identification:_identify(build) ignored
[0.110s] Level 1:colcon.colcon_core.package_identification:_identify(install) by extensions ['ignore', 'ignore_ament_install']
[0.110s] Level 1:colcon.colcon_core.package_identification:_identify(install) by extension 'ignore'
[0.110s] Level 1:colcon.colcon_core.package_identification:_identify(install) ignored
[0.110s] Level 1:colcon.colcon_core.package_identification:_identify(log) by extensions ['ignore', 'ignore_ament_install']
[0.110s] Level 1:colcon.colcon_core.package_identification:_identify(log) by extension 'ignore'
[0.110s] Level 1:colcon.colcon_core.package_identification:_identify(log) ignored
[0.110s] Level 1:colcon.colcon_core.package_identification:_identify(src) by extensions ['ignore', 'ignore_ament_install']
[0.110s] Level 1:colcon.colcon_core.package_identification:_identify(src) by extension 'ignore'
[0.110s] Level 1:colcon.colcon_core.package_identification:_identify(src) by extension 'ignore_ament_install'
[0.110s] Level 1:colcon.colcon_core.package_identification:_identify(src) by extensions ['colcon_pkg']
[0.110s] Level 1:colcon.colcon_core.package_identification:_identify(src) by extension 'colcon_pkg'
[0.110s] Level 1:colcon.colcon_core.package_identification:_identify(src) by extensions ['colcon_meta']
[0.110s] Level 1:colcon.colcon_core.package_identification:_identify(src) by extension 'colcon_meta'
[0.110s] Level 1:colcon.colcon_core.package_identification:_identify(src) by extensions ['ros']
[0.110s] Level 1:colcon.colcon_core.package_identification:_identify(src) by extension 'ros'
[0.110s] Level 1:colcon.colcon_core.package_identification:_identify(src) by extensions ['cmake', 'python']
[0.110s] Level 1:colcon.colcon_core.package_identification:_identify(src) by extension 'cmake'
[0.110s] Level 1:colcon.colcon_core.package_identification:_identify(src) by extension 'python'
[0.110s] Level 1:colcon.colcon_core.package_identification:_identify(src) by extensions ['python_setup_py']
[0.110s] Level 1:colcon.colcon_core.package_identification:_identify(src) by extension 'python_setup_py'
[0.110s] Level 1:colcon.colcon_core.package_identification:_identify(src/dynamics_node) by extensions ['ignore', 'ignore_ament_install']
[0.110s] Level 1:colcon.colcon_core.package_identification:_identify(src/dynamics_node) by extension 'ignore'
[0.110s] Level 1:colcon.colcon_core.package_identification:_identify(src/dynamics_node) by extension 'ignore_ament_install'
[0.110s] Level 1:colcon.colcon_core.package_identification:_identify(src/dynamics_node) by extensions ['colcon_pkg']
[0.110s] Level 1:colcon.colcon_core.package_identification:_identify(src/dynamics_node) by extension 'colcon_pkg'
[0.110s] Level 1:colcon.colcon_core.package_identification:_identify(src/dynamics_node) by extensions ['colcon_meta']
[0.110s] Level 1:colcon.colcon_core.package_identification:_identify(src/dynamics_node) by extension 'colcon_meta'
[0.110s] Level 1:colcon.colcon_core.package_identification:_identify(src/dynamics_node) by extensions ['ros']
[0.110s] Level 1:colcon.colcon_core.package_identification:_identify(src/dynamics_node) by extension 'ros'
[0.112s] DEBUG:colcon.colcon_core.package_identification:Package 'src/dynamics_node' with type 'ros.ament_cmake' and name 'dynamics_node'
[0.112s] Level 1:colcon.colcon_core.package_discovery:discover_packages(recursive) using defaults
[0.112s] Level 1:colcon.colcon_core.package_discovery:discover_packages(ignore) discover
[0.112s] Level 1:colcon.colcon_core.package_discovery:discover_packages(ignore) using defaults
[0.112s] Level 1:colcon.colcon_core.package_discovery:discover_packages(path) discover
[0.112s] Level 1:colcon.colcon_core.package_discovery:discover_packages(path) using defaults
[0.129s] Level 5:colcon.colcon_core.verb:set package 'dynamics_node' build argument 'cmake_args' from command line to 'None'
[0.129s] Level 5:colcon.colcon_core.verb:set package 'dynamics_node' build argument 'cmake_target' from command line to 'None'
[0.129s] Level 5:colcon.colcon_core.verb:set package 'dynamics_node' build argument 'cmake_target_skip_unavailable' from command line to 'False'
[0.129s] Level 5:colcon.colcon_core.verb:set package 'dynamics_node' build argument 'cmake_clean_cache' from command line to 'False'
[0.129s] Level 5:colcon.colcon_core.verb:set package 'dynamics_node' build argument 'cmake_clean_first' from command line to 'False'
[0.129s] Level 5:colcon.colcon_core.verb:set package 'dynamics_node' build argument 'cmake_force_configure' from command line to 'False'
[0.129s] Level 5:colcon.colcon_core.verb:set package 'dynamics_node' build argument 'ament_cmake_args' from command line to 'None'
[0.129s] Level 5:colcon.colcon_core.verb:set package 'dynamics_node' build argument 'catkin_cmake_args' from command line to 'None'
[0.129s] Level 5:colcon.colcon_core.verb:set package 'dynamics_node' build argument 'catkin_skip_building_tests' from command line to 'False'
[0.129s] DEBUG:colcon.colcon_core.verb:Building package 'dynamics_node' with the following arguments: {'ament_cmake_args': None, 'build_base': '/workspaces/ros2_fprime_bridge/ros_ws/build/dynamics_node', 'catkin_cmake_args': None, 'catkin_skip_building_tests': False, 'cmake_args': None, 'cmake_clean_cache': False, 'cmake_clean_first': False, 'cmake_force_configure': False, 'cmake_target': None, 'cmake_target_skip_unavailable': False, 'install_base': '/workspaces/ros2_fprime_bridge/ros_ws/install/dynamics_node', 'merge_install': False, 'path': '/workspaces/ros2_fprime_bridge/ros_ws/src/dynamics_node', 'symlink_install': False, 'test_result_base': None}
[0.130s] INFO:colcon.colcon_core.executor:Executing jobs using 'parallel' executor
[0.132s] DEBUG:colcon.colcon_parallel_executor.executor.parallel:run_until_complete
[0.132s] INFO:colcon.colcon_ros.task.ament_cmake.build:Building ROS package in '/workspaces/ros2_fprime_bridge/ros_ws/src/dynamics_node' with build type 'ament_cmake'
[0.132s] INFO:colcon.colcon_cmake.task.cmake.build:Building CMake package in '/workspaces/ros2_fprime_bridge/ros_ws/src/dynamics_node'
[0.135s] INFO:colcon.colcon_core.plugin_system:Skipping extension 'colcon_core.shell.bat': Not used on non-Windows systems
[0.135s] INFO:colcon.colcon_core.shell:Skip shell extension 'powershell' for command environment: Not usable outside of PowerShell
[0.135s] DEBUG:colcon.colcon_core.shell:Skip shell extension 'dsv' for command environment
[0.143s] DEBUG:colcon.colcon_core.event_handler.log_command:Invoking command in '/workspaces/ros2_fprime_bridge/ros_ws/build/dynamics_node': CMAKE_PREFIX_PATH=/opt/ros/foxy /usr/bin/cmake --build /workspaces/ros2_fprime_bridge/ros_ws/build/dynamics_node -- -j20 -l20
[4.337s] DEBUG:colcon.colcon_core.event_handler.log_command:Invoked command in '/workspaces/ros2_fprime_bridge/ros_ws/build/dynamics_node' returned '2': CMAKE_PREFIX_PATH=/opt/ros/foxy /usr/bin/cmake --build /workspaces/ros2_fprime_bridge/ros_ws/build/dynamics_node -- -j20 -l20
[4.415s] Level 1:colcon.colcon_core.environment:create_environment_scripts_only(dynamics_node)
[4.421s] Level 1:colcon.colcon_core.environment:checking '/workspaces/ros2_fprime_bridge/ros_ws/install/dynamics_node' for CMake module files
[4.422s] Level 1:colcon.colcon_core.environment:checking '/workspaces/ros2_fprime_bridge/ros_ws/install/dynamics_node' for CMake config files
[4.422s] Level 1:colcon.colcon_core.environment:checking '/workspaces/ros2_fprime_bridge/ros_ws/install/dynamics_node/bin'
[4.423s] Level 1:colcon.colcon_core.environment:checking '/workspaces/ros2_fprime_bridge/ros_ws/install/dynamics_node/lib/pkgconfig/dynamics_node.pc'
[4.423s] Level 1:colcon.colcon_core.environment:checking '/workspaces/ros2_fprime_bridge/ros_ws/install/dynamics_node/lib/python3.8/site-packages'
[4.423s] Level 1:colcon.colcon_core.environment:checking '/workspaces/ros2_fprime_bridge/ros_ws/install/dynamics_node/bin'
[4.424s] INFO:colcon.colcon_core.shell:Creating package script '/workspaces/ros2_fprime_bridge/ros_ws/install/dynamics_node/share/dynamics_node/package.ps1'
[4.425s] INFO:colcon.colcon_core.shell:Creating package descriptor '/workspaces/ros2_fprime_bridge/ros_ws/install/dynamics_node/share/dynamics_node/package.dsv'
[4.425s] INFO:colcon.colcon_core.shell:Creating package script '/workspaces/ros2_fprime_bridge/ros_ws/install/dynamics_node/share/dynamics_node/package.sh'
[4.426s] INFO:colcon.colcon_core.shell:Creating package script '/workspaces/ros2_fprime_bridge/ros_ws/install/dynamics_node/share/dynamics_node/package.bash'
[4.426s] INFO:colcon.colcon_core.shell:Creating package script '/workspaces/ros2_fprime_bridge/ros_ws/install/dynamics_node/share/dynamics_node/package.zsh'
[4.427s] Level 1:colcon.colcon_core.environment:create_file_with_runtime_dependencies(/workspaces/ros2_fprime_bridge/ros_ws/install/dynamics_node/share/colcon-core/packages/dynamics_node)
[4.437s] DEBUG:colcon.colcon_parallel_executor.executor.parallel:closing loop
[4.438s] DEBUG:colcon.colcon_parallel_executor.executor.parallel:loop closed
[4.438s] DEBUG:colcon.colcon_parallel_executor.executor.parallel:run_until_complete finished with '2'
[4.438s] DEBUG:colcon.colcon_core.event_reactor:joining thread
[4.445s] INFO:colcon.colcon_core.plugin_system:Skipping extension 'colcon_notification.desktop_notification.notify_send': Could not find 'notify-send'
[4.445s] INFO:colcon.colcon_core.plugin_system:Skipping extension 'colcon_notification.desktop_notification.terminal_notifier': Not used on non-Darwin systems
[4.445s] INFO:colcon.colcon_core.plugin_system:Skipping extension 'colcon_notification.desktop_notification.win32': Not used on non-Windows systems
[4.445s] INFO:colcon.colcon_notification.desktop_notification:Sending desktop notification using 'notify2'
[4.446s] DEBUG:colcon.colcon_notification.desktop_notification.notify2:Failed to initialize notify2: org.freedesktop.DBus.Error.Spawn.ExecFailed: /usr/bin/dbus-launch terminated abnormally without any error message
[4.447s] DEBUG:colcon.colcon_core.event_reactor:joined thread
[4.448s] INFO:colcon.colcon_core.shell:Creating prefix script '/workspaces/ros2_fprime_bridge/ros_ws/install/local_setup.ps1'
[4.448s] INFO:colcon.colcon_core.shell:Creating prefix util module '/workspaces/ros2_fprime_bridge/ros_ws/install/_local_setup_util_ps1.py'
[4.449s] INFO:colcon.colcon_core.shell:Creating prefix chain script '/workspaces/ros2_fprime_bridge/ros_ws/install/setup.ps1'
[4.450s] INFO:colcon.colcon_core.shell:Creating prefix script '/workspaces/ros2_fprime_bridge/ros_ws/install/local_setup.sh'
[4.451s] INFO:colcon.colcon_core.shell:Creating prefix util module '/workspaces/ros2_fprime_bridge/ros_ws/install/_local_setup_util_sh.py'
[4.451s] INFO:colcon.colcon_core.shell:Creating prefix chain script '/workspaces/ros2_fprime_bridge/ros_ws/install/setup.sh'
[4.452s] INFO:colcon.colcon_core.shell:Creating prefix script '/workspaces/ros2_fprime_bridge/ros_ws/install/local_setup.bash'
[4.452s] INFO:colcon.colcon_core.shell:Creating prefix chain script '/workspaces/ros2_fprime_bridge/ros_ws/install/setup.bash'
[4.454s] INFO:colcon.colcon_core.shell:Creating prefix script '/workspaces/ros2_fprime_bridge/ros_ws/install/local_setup.zsh'
[4.454s] INFO:colcon.colcon_core.shell:Creating prefix chain script '/workspaces/ros2_fprime_bridge/ros_ws/install/setup.zsh'
