-- Found ament_cmake: 0.9.11 (/opt/ros/foxy/share/ament_cmake/cmake)
-- Found PythonInterp: /usr/bin/python3 (found suitable version "3.8.10", minimum required is "3") 
-- Using PYTHON_EXECUTABLE: /usr/bin/python3
-- Found rclcpp: 2.4.2 (/opt/ros/foxy/share/rclcpp/cmake)
-- Using all available rosidl_typesupport_c: rosidl_typesupport_fastrtps_c;rosidl_typesupport_introspection_c
-- Found rosidl_adapter: 1.3.0 (/opt/ros/foxy/share/rosidl_adapter/cmake)
-- Using all available rosidl_typesupport_cpp: rosidl_typesupport_fastrtps_cpp;rosidl_typesupport_introspection_cpp
-- Found rmw_implementation_cmake: 1.0.3 (/opt/ros/foxy/share/rmw_implementation_cmake/cmake)
-- Using RMW implementation 'rmw_fastrtps_cpp' as default
-- Found rosidl_default_generators: 1.0.1 (/opt/ros/foxy/share/rosidl_default_generators/cmake)
-- Found PythonInterp: /usr/bin/python3 (found version "3.8.10") 
-- Found ament_cmake_ros: 0.9.2 (/opt/ros/foxy/share/ament_cmake_ros/cmake)
-- Using all available rosidl_typesupport_c: rosidl_typesupport_fastrtps_c;rosidl_typesupport_introspection_c
-- Using all available rosidl_typesupport_cpp: rosidl_typesupport_fastrtps_cpp;rosidl_typesupport_introspection_cpp
-- Found PythonInterp: /usr/bin/python3 (found suitable version "3.8.10", minimum required is "3.5") 
-- Found python_cmake_module: 0.8.1 (/opt/ros/foxy/share/python_cmake_module/cmake)
-- Using PYTHON_EXECUTABLE: /usr/bin/python3
-- Using PYTHON_INCLUDE_DIRS: /usr/include/python3.8
-- Using PYTHON_LIBRARIES: /usr/lib/x86_64-linux-gnu/libpython3.8.so
-- Found ament_lint_auto: 0.9.7 (/opt/ros/foxy/share/ament_lint_auto/cmake)
-- Added test 'copyright' to check source files copyright and LICENSE
-- Added test 'cppcheck' to perform static code analysis on C / C++ code
-- Configured cppcheck include dirs: 
-- Configured cppcheck exclude dirs and/or files: 
-- Added test 'cpplint' to check C / C++ code against the Google style
-- Configured cpplint exclude dirs and/or files: 
-- Added test 'lint_cmake' to check CMake code style
-- Added test 'uncrustify' to check C / C++ code style
-- Configured uncrustify additional arguments: 
-- Added test 'xmllint' to check XML markup files
-- Configuring done
-- Generating done
-- Build files have been written to: /workspaces/ros2_fprime_bridge/ros_ws/build/dynamics_node
[  2%] Built target dynamics_node__cpp
[ 12%] Built target dynamics_node__rosidl_generator_c
[ 17%] [34m[1mGenerating C++ type support dispatch for ROS interfaces[0m
[ 19%] [34m[1mGenerating C++ introspection for ROS interfaces[0m
[ 19%] [34m[1mGenerating C++ type support for eProsima Fast-RTPS[0m
[ 21%] [34m[1mGenerating C introspection for ROS interfaces[0m
[ 24%] [34m[1mGenerating C type support dispatch for ROS interfaces[0m
[35m[1mScanning dependencies of target dynamics_node__rosidl_typesupport_cpp[0m
[35m[1mScanning dependencies of target dynamics_node__rosidl_typesupport_c[0m
[ 26%] [32mBuilding CXX object CMakeFiles/dynamics_node__rosidl_typesupport_cpp.dir/rosidl_typesupport_cpp/dynamics_node/msg/control_signal__type_support.cpp.o[0m
[ 29%] [32mBuilding CXX object CMakeFiles/dynamics_node__rosidl_typesupport_cpp.dir/rosidl_typesupport_cpp/dynamics_node/msg/state__type_support.cpp.o[0m
[ 34%] [32mBuilding CXX object CMakeFiles/dynamics_node__rosidl_typesupport_c.dir/rosidl_typesupport_c/dynamics_node/msg/control_signal__type_support.cpp.o[0m
[ 31%] [32mBuilding CXX object CMakeFiles/dynamics_node__rosidl_typesupport_c.dir/rosidl_typesupport_c/dynamics_node/msg/state__type_support.cpp.o[0m
[35m[1mScanning dependencies of target dynamics_node__rosidl_typesupport_introspection_cpp[0m
[35m[1mScanning dependencies of target dynamics_node__rosidl_typesupport_introspection_c[0m
[ 36%] [32mBuilding CXX object CMakeFiles/dynamics_node__rosidl_typesupport_introspection_cpp.dir/rosidl_typesupport_introspection_cpp/dynamics_node/msg/detail/state__type_support.cpp.o[0m
[ 39%] [32mBuilding CXX object CMakeFiles/dynamics_node__rosidl_typesupport_introspection_cpp.dir/rosidl_typesupport_introspection_cpp/dynamics_node/msg/detail/control_signal__type_support.cpp.o[0m
[35m[1mScanning dependencies of target dynamics_node__rosidl_typesupport_fastrtps_cpp[0m
[ 41%] [32mBuilding C object CMakeFiles/dynamics_node__rosidl_typesupport_introspection_c.dir/rosidl_typesupport_introspection_c/dynamics_node/msg/detail/state__type_support.c.o[0m
[ 43%] [32mBuilding C object CMakeFiles/dynamics_node__rosidl_typesupport_introspection_c.dir/rosidl_typesupport_introspection_c/dynamics_node/msg/detail/control_signal__type_support.c.o[0m
[ 46%] [32mBuilding CXX object CMakeFiles/dynamics_node__rosidl_typesupport_fastrtps_cpp.dir/rosidl_typesupport_fastrtps_cpp/dynamics_node/msg/detail/dds_fastrtps/state__type_support.cpp.o[0m
[ 51%] [32m[1mLinking CXX shared library libdynamics_node__rosidl_typesupport_c.so[0m
[ 51%] [32mBuilding CXX object CMakeFiles/dynamics_node__rosidl_typesupport_fastrtps_cpp.dir/rosidl_typesupport_fastrtps_cpp/dynamics_node/msg/detail/dds_fastrtps/control_signal__type_support.cpp.o[0m
[ 53%] [32m[1mLinking C shared library libdynamics_node__rosidl_typesupport_introspection_c.so[0m
[ 53%] Built target dynamics_node__rosidl_typesupport_c
[ 53%] Built target dynamics_node__rosidl_typesupport_introspection_c
[ 56%] [32m[1mLinking CXX shared library libdynamics_node__rosidl_typesupport_cpp.so[0m
[ 58%] [32m[1mLinking CXX shared library libdynamics_node__rosidl_typesupport_introspection_cpp.so[0m
[ 58%] Built target dynamics_node__rosidl_typesupport_cpp
[ 58%] Built target dynamics_node__rosidl_typesupport_introspection_cpp
[ 60%] [32m[1mLinking CXX shared library libdynamics_node__rosidl_typesupport_fastrtps_cpp.so[0m
[ 60%] Built target dynamics_node__rosidl_typesupport_fastrtps_cpp
[ 63%] [34m[1mGenerating C type support for eProsima Fast-RTPS[0m
[35m[1mScanning dependencies of target dynamics_node__rosidl_typesupport_fastrtps_c[0m
[ 68%] [32mBuilding CXX object CMakeFiles/dynamics_node__rosidl_typesupport_fastrtps_c.dir/rosidl_typesupport_fastrtps_c/dynamics_node/msg/detail/control_signal__type_support_c.cpp.o[0m
[ 68%] [32mBuilding CXX object CMakeFiles/dynamics_node__rosidl_typesupport_fastrtps_c.dir/rosidl_typesupport_fastrtps_c/dynamics_node/msg/detail/state__type_support_c.cpp.o[0m
[ 70%] [32m[1mLinking CXX shared library libdynamics_node__rosidl_typesupport_fastrtps_c.so[0m
[ 70%] Built target dynamics_node__rosidl_typesupport_fastrtps_c
[35m[1mScanning dependencies of target dynamics_node[0m
[ 70%] Built target dynamics_node
[35m[1mScanning dependencies of target dynamics_node__py[0m
[35m[1mScanning dependencies of target dynamics[0m
[ 73%] [34m[1mGenerating Python code for ROS interfaces[0m
[ 75%] [32mBuilding CXX object CMakeFiles/dynamics.dir/src/dynamics_node.cpp.o[0m
In file included from [01m[K/workspaces/ros2_fprime_bridge/ros_ws/src/dynamics_node/src/dynamics_node.cpp:1[m[K:
[01m[K/workspaces/ros2_fprime_bridge/ros_ws/src/dynamics_node/src/../include/dynamics_node/dynamics_node.hpp:15:10:[m[K [01;31m[Kfatal error: [m[K../../../common/lulav_comm/udp/src/udp_client_server.hpp: No such file or directory
   15 | #include [01;31m[K"../../../common/lulav_comm/udp/src/udp_client_server.hpp"[m[K
      |          [01;31m[K^~~~~~~~~~~~~~~~~~~~~~~~~~~~~~~~~~~~~~~~~~~~~~~~~~~~~~~~~~[m[K
compilation terminated.
make[2]: *** [CMakeFiles/dynamics.dir/build.make:63: CMakeFiles/dynamics.dir/src/dynamics_node.cpp.o] Error 1
make[1]: *** [CMakeFiles/Makefile2:249: CMakeFiles/dynamics.dir/all] Error 2
make[1]: *** Waiting for unfinished jobs....
[ 75%] Built target dynamics_node__py
make: *** [Makefile:141: all] Error 2
