[0.010s] Invoking command in '/workspaces/ros2_fprime_bridge/ros_ws/build/dynamics_node': CMAKE_PREFIX_PATH=/opt/ros/foxy /usr/bin/cmake --build /workspaces/ros2_fprime_bridge/ros_ws/build/dynamics_node -- -j20 -l20
[0.030s] -- Found ament_cmake: 0.9.11 (/opt/ros/foxy/share/ament_cmake/cmake)
[0.048s] -- Found PythonInterp: /usr/bin/python3 (found suitable version "3.8.10", minimum required is "3") 
[0.048s] -- Using PYTHON_EXECUTABLE: /usr/bin/python3
[0.134s] -- Found rclcpp: 2.4.2 (/opt/ros/foxy/share/rclcpp/cmake)
[0.153s] -- Using all available rosidl_typesupport_c: rosidl_typesupport_fastrtps_c;rosidl_typesupport_introspection_c
[0.155s] -- Found rosidl_adapter: 1.3.0 (/opt/ros/foxy/share/rosidl_adapter/cmake)
[0.213s] -- Using all available rosidl_typesupport_cpp: rosidl_typesupport_fastrtps_cpp;rosidl_typesupport_introspection_cpp
[0.246s] -- Found rmw_implementation_cmake: 1.0.3 (/opt/ros/foxy/share/rmw_implementation_cmake/cmake)
[0.247s] -- Using RMW implementation 'rmw_fastrtps_cpp' as default
[0.339s] -- Found rosidl_default_generators: 1.0.1 (/opt/ros/foxy/share/rosidl_default_generators/cmake)
[0.359s] -- Found PythonInterp: /usr/bin/python3 (found version "3.8.10") 
[0.442s] -- Found ament_cmake_ros: 0.9.2 (/opt/ros/foxy/share/ament_cmake_ros/cmake)
[0.490s] -- Using all available rosidl_typesupport_c: rosidl_typesupport_fastrtps_c;rosidl_typesupport_introspection_c
[0.494s] -- Using all available rosidl_typesupport_cpp: rosidl_typesupport_fastrtps_cpp;rosidl_typesupport_introspection_cpp
[0.509s] -- Found PythonInterp: /usr/bin/python3 (found suitable version "3.8.10", minimum required is "3.5") 
[0.509s] -- Found python_cmake_module: 0.8.1 (/opt/ros/foxy/share/python_cmake_module/cmake)
[0.525s] -- Using PYTHON_EXECUTABLE: /usr/bin/python3
[0.525s] -- Using PYTHON_INCLUDE_DIRS: /usr/include/python3.8
[0.525s] -- Using PYTHON_LIBRARIES: /usr/lib/x86_64-linux-gnu/libpython3.8.so
[0.534s] -- Found ament_lint_auto: 0.9.7 (/opt/ros/foxy/share/ament_lint_auto/cmake)
[0.541s] -- Added test 'copyright' to check source files copyright and LICENSE
[0.541s] -- Added test 'cppcheck' to perform static code analysis on C / C++ code
[0.542s] -- Configured cppcheck include dirs: 
[0.542s] -- Configured cppcheck exclude dirs and/or files: 
[0.542s] -- Added test 'cpplint' to check C / C++ code against the Google style
[0.542s] -- Configured cpplint exclude dirs and/or files: 
[0.542s] -- Added test 'lint_cmake' to check CMake code style
[0.543s] -- Added test 'uncrustify' to check C / C++ code style
[0.543s] -- Configured uncrustify additional arguments: 
[0.543s] -- Added test 'xmllint' to check XML markup files
[0.546s] -- Configuring done
[0.566s] -- Generating done
[0.568s] -- Build files have been written to: /workspaces/ros2_fprime_bridge/ros_ws/build/dynamics_node
[0.589s] [  2%] Built target dynamics_node__cpp
[0.589s] [ 12%] Built target dynamics_node__rosidl_generator_c
[0.595s] [ 17%] [34m[1mGenerating C++ type support dispatch for ROS interfaces[0m
[0.595s] [ 19%] [34m[1mGenerating C++ introspection for ROS interfaces[0m
[0.595s] [ 19%] [34m[1mGenerating C++ type support for eProsima Fast-RTPS[0m
[0.595s] [ 21%] [34m[1mGenerating C introspection for ROS interfaces[0m
[0.596s] [ 24%] [34m[1mGenerating C type support dispatch for ROS interfaces[0m
[0.731s] [35m[1mScanning dependencies of target dynamics_node__rosidl_typesupport_cpp[0m
[0.731s] [35m[1mScanning dependencies of target dynamics_node__rosidl_typesupport_c[0m
[0.742s] [ 26%] [32mBuilding CXX object CMakeFiles/dynamics_node__rosidl_typesupport_cpp.dir/rosidl_typesupport_cpp/dynamics_node/msg/control_signal__type_support.cpp.o[0m
[0.742s] [ 29%] [32mBuilding CXX object CMakeFiles/dynamics_node__rosidl_typesupport_cpp.dir/rosidl_typesupport_cpp/dynamics_node/msg/state__type_support.cpp.o[0m
[0.743s] [ 34%] [32mBuilding CXX object CMakeFiles/dynamics_node__rosidl_typesupport_c.dir/rosidl_typesupport_c/dynamics_node/msg/control_signal__type_support.cpp.o[0m
[0.743s] [ 31%] [32mBuilding CXX object CMakeFiles/dynamics_node__rosidl_typesupport_c.dir/rosidl_typesupport_c/dynamics_node/msg/state__type_support.cpp.o[0m
[0.744s] [35m[1mScanning dependencies of target dynamics_node__rosidl_typesupport_introspection_cpp[0m
[0.749s] [35m[1mScanning dependencies of target dynamics_node__rosidl_typesupport_introspection_c[0m
[0.756s] [ 36%] [32mBuilding CXX object CMakeFiles/dynamics_node__rosidl_typesupport_introspection_cpp.dir/rosidl_typesupport_introspection_cpp/dynamics_node/msg/detail/state__type_support.cpp.o[0m
[0.757s] [ 39%] [32mBuilding CXX object CMakeFiles/dynamics_node__rosidl_typesupport_introspection_cpp.dir/rosidl_typesupport_introspection_cpp/dynamics_node/msg/detail/control_signal__type_support.cpp.o[0m
[0.758s] [35m[1mScanning dependencies of target dynamics_node__rosidl_typesupport_fastrtps_cpp[0m
[0.761s] [ 41%] [32mBuilding C object CMakeFiles/dynamics_node__rosidl_typesupport_introspection_c.dir/rosidl_typesupport_introspection_c/dynamics_node/msg/detail/state__type_support.c.o[0m
[0.761s] [ 43%] [32mBuilding C object CMakeFiles/dynamics_node__rosidl_typesupport_introspection_c.dir/rosidl_typesupport_introspection_c/dynamics_node/msg/detail/control_signal__type_support.c.o[0m
[0.772s] [ 46%] [32mBuilding CXX object CMakeFiles/dynamics_node__rosidl_typesupport_fastrtps_cpp.dir/rosidl_typesupport_fastrtps_cpp/dynamics_node/msg/detail/dds_fastrtps/state__type_support.cpp.o[0m
[0.773s] [ 51%] [32m[1mLinking CXX shared library libdynamics_node__rosidl_typesupport_c.so[0m
[0.773s] [ 51%] [32mBuilding CXX object CMakeFiles/dynamics_node__rosidl_typesupport_fastrtps_cpp.dir/rosidl_typesupport_fastrtps_cpp/dynamics_node/msg/detail/dds_fastrtps/control_signal__type_support.cpp.o[0m
[0.798s] [ 53%] [32m[1mLinking C shared library libdynamics_node__rosidl_typesupport_introspection_c.so[0m
[0.815s] [ 53%] Built target dynamics_node__rosidl_typesupport_c
[0.824s] [ 53%] Built target dynamics_node__rosidl_typesupport_introspection_c
[0.918s] [ 56%] [32m[1mLinking CXX shared library libdynamics_node__rosidl_typesupport_cpp.so[0m
[0.935s] [ 58%] [32m[1mLinking CXX shared library libdynamics_node__rosidl_typesupport_introspection_cpp.so[0m
[0.950s] [ 58%] Built target dynamics_node__rosidl_typesupport_cpp
[0.967s] [ 58%] Built target dynamics_node__rosidl_typesupport_introspection_cpp
[1.028s] [ 60%] [32m[1mLinking CXX shared library libdynamics_node__rosidl_typesupport_fastrtps_cpp.so[0m
[1.084s] [ 60%] Built target dynamics_node__rosidl_typesupport_fastrtps_cpp
[1.090s] [ 63%] [34m[1mGenerating C type support for eProsima Fast-RTPS[0m
[1.241s] [35m[1mScanning dependencies of target dynamics_node__rosidl_typesupport_fastrtps_c[0m
[1.252s] [ 68%] [32mBuilding CXX object CMakeFiles/dynamics_node__rosidl_typesupport_fastrtps_c.dir/rosidl_typesupport_fastrtps_c/dynamics_node/msg/detail/control_signal__type_support_c.cpp.o[0m
[1.252s] [ 68%] [32mBuilding CXX object CMakeFiles/dynamics_node__rosidl_typesupport_fastrtps_c.dir/rosidl_typesupport_fastrtps_c/dynamics_node/msg/detail/state__type_support_c.cpp.o[0m
[1.449s] [ 70%] [32m[1mLinking CXX shared library libdynamics_node__rosidl_typesupport_fastrtps_c.so[0m
[1.503s] [ 70%] Built target dynamics_node__rosidl_typesupport_fastrtps_c
[1.510s] [35m[1mScanning dependencies of target dynamics_node[0m
[1.517s] [ 70%] Built target dynamics_node
[1.526s] [35m[1mScanning dependencies of target dynamics_node__py[0m
[1.527s] [35m[1mScanning dependencies of target dynamics[0m
[1.535s] [ 73%] [34m[1mGenerating Python code for ROS interfaces[0m
[1.540s] [ 75%] [32mBuilding CXX object CMakeFiles/dynamics.dir/src/dynamics_node.cpp.o[0m
[1.602s] In file included from [01m[K/workspaces/ros2_fprime_bridge/ros_ws/src/dynamics_node/src/dynamics_node.cpp:1[m[K:
[1.603s] [01m[K/workspaces/ros2_fprime_bridge/ros_ws/src/dynamics_node/src/../include/dynamics_node/dynamics_node.hpp:15:10:[m[K [01;31m[Kfatal error: [m[K../../../common/lulav_comm/udp/src/udp_client_server.hpp: No such file or directory
[1.603s]    15 | #include [01;31m[K"../../../common/lulav_comm/udp/src/udp_client_server.hpp"[m[K
[1.603s]       |          [01;31m[K^~~~~~~~~~~~~~~~~~~~~~~~~~~~~~~~~~~~~~~~~~~~~~~~~~~~~~~~~~[m[K
[1.603s] compilation terminated.
[1.604s] make[2]: *** [CMakeFiles/dynamics.dir/build.make:63: CMakeFiles/dynamics.dir/src/dynamics_node.cpp.o] Error 1
[1.605s] make[1]: *** [CMakeFiles/Makefile2:249: CMakeFiles/dynamics.dir/all] Error 2
[1.605s] make[1]: *** Waiting for unfinished jobs....
[1.788s] [ 75%] Built target dynamics_node__py
[1.789s] make: *** [Makefile:141: all] Error 2
[1.792s] Invoked command in '/workspaces/ros2_fprime_bridge/ros_ws/build/dynamics_node' returned '2': CMAKE_PREFIX_PATH=/opt/ros/foxy /usr/bin/cmake --build /workspaces/ros2_fprime_bridge/ros_ws/build/dynamics_node -- -j20 -l20
