[0.010s] Invoking command in '/workspaces/ros2_fprime_bridge/ros_ws/build/dynamics_node': CMAKE_PREFIX_PATH=/opt/ros/foxy /usr/bin/cmake --build /workspaces/ros2_fprime_bridge/ros_ws/build/dynamics_node -- -j20 -l20
[0.032s] -- Found ament_cmake: 0.9.11 (/opt/ros/foxy/share/ament_cmake/cmake)
[0.046s] -- Found PythonInterp: /usr/bin/python3 (found suitable version "3.8.10", minimum required is "3") 
[0.047s] -- Using PYTHON_EXECUTABLE: /usr/bin/python3
[0.129s] -- Found rclcpp: 2.4.2 (/opt/ros/foxy/share/rclcpp/cmake)
[0.148s] -- Using all available rosidl_typesupport_c: rosidl_typesupport_fastrtps_c;rosidl_typesupport_introspection_c
[0.150s] -- Found rosidl_adapter: 1.3.0 (/opt/ros/foxy/share/rosidl_adapter/cmake)
[0.209s] -- Using all available rosidl_typesupport_cpp: rosidl_typesupport_fastrtps_cpp;rosidl_typesupport_introspection_cpp
[0.241s] -- Found rmw_implementation_cmake: 1.0.3 (/opt/ros/foxy/share/rmw_implementation_cmake/cmake)
[0.242s] -- Using RMW implementation 'rmw_fastrtps_cpp' as default
[0.335s] -- Found rosidl_default_generators: 1.0.1 (/opt/ros/foxy/share/rosidl_default_generators/cmake)
[0.355s] -- Found PythonInterp: /usr/bin/python3 (found version "3.8.10") 
[0.433s] -- Found ament_cmake_ros: 0.9.2 (/opt/ros/foxy/share/ament_cmake_ros/cmake)
[0.479s] -- Using all available rosidl_typesupport_c: rosidl_typesupport_fastrtps_c;rosidl_typesupport_introspection_c
[0.483s] -- Using all available rosidl_typesupport_cpp: rosidl_typesupport_fastrtps_cpp;rosidl_typesupport_introspection_cpp
[0.497s] -- Found PythonInterp: /usr/bin/python3 (found suitable version "3.8.10", minimum required is "3.5") 
[0.497s] -- Found python_cmake_module: 0.8.1 (/opt/ros/foxy/share/python_cmake_module/cmake)
[0.513s] -- Using PYTHON_EXECUTABLE: /usr/bin/python3
[0.513s] -- Using PYTHON_INCLUDE_DIRS: /usr/include/python3.8
[0.513s] -- Using PYTHON_LIBRARIES: /usr/lib/x86_64-linux-gnu/libpython3.8.so
[0.524s] -- Found ament_lint_auto: 0.9.7 (/opt/ros/foxy/share/ament_lint_auto/cmake)
[0.530s] -- Added test 'copyright' to check source files copyright and LICENSE
[0.530s] -- Added test 'cppcheck' to perform static code analysis on C / C++ code
[0.531s] -- Configured cppcheck include dirs: 
[0.531s] -- Configured cppcheck exclude dirs and/or files: 
[0.532s] -- Added test 'cpplint' to check C / C++ code against the Google style
[0.532s] -- Configured cpplint exclude dirs and/or files: 
[0.532s] -- Added test 'lint_cmake' to check CMake code style
[0.532s] -- Added test 'uncrustify' to check C / C++ code style
[0.533s] -- Configured uncrustify additional arguments: 
[0.533s] -- Added test 'xmllint' to check XML markup files
[0.535s] -- Configuring done
[0.536s] CMake Error at CMakeLists.txt:31 (add_library):
[0.536s]   Cannot find source file:
[0.536s] 
[0.536s]     /examples/spring_mass_dumper/src/dynamics.cpp
[0.536s] 
[0.536s]   Tried extensions .c .C .c++ .cc .cpp .cxx .cu .m .M .mm .h .hh .h++ .hm
[0.536s]   .hpp .hxx .in .txx
[0.536s] 
[0.536s] 
[0.538s] CMake Error at CMakeLists.txt:31 (add_library):
[0.538s]   No SOURCES given to target: example
[0.538s] 
[0.538s] 
[0.538s] CMake Generate step failed.  Build files cannot be regenerated correctly.
[0.541s] make: *** [Makefile:1032: cmake_check_build_system] Error 1
[0.543s] Invoked command in '/workspaces/ros2_fprime_bridge/ros_ws/build/dynamics_node' returned '2': CMAKE_PREFIX_PATH=/opt/ros/foxy /usr/bin/cmake --build /workspaces/ros2_fprime_bridge/ros_ws/build/dynamics_node -- -j20 -l20
