[0.088s] DEBUG:colcon:Command line arguments: ['/usr/bin/colcon', 'build']
[0.088s] DEBUG:colcon:Parsed command line arguments: Namespace(ament_cmake_args=None, base_paths=['.'], build_base='build', catkin_cmake_args=None, catkin_skip_building_tests=False, cmake_args=None, cmake_clean_cache=False, cmake_clean_first=False, cmake_force_configure=False, cmake_target=None, cmake_target_skip_unavailable=False, continue_on_error=False, event_handlers=None, executor='parallel', ignore_user_meta=False, install_base='install', log_base=None, log_level=None, main=<bound method BuildVerb.main of <colcon_core.verb.build.BuildVerb object at 0x7f24b51bbbe0>>, merge_install=False, metas=['./colcon.meta'], mixin=None, mixin_files=None, mixin_verb=('build',), packages_above=None, packages_above_and_dependencies=None, packages_above_depth=None, packages_end=None, packages_ignore=None, packages_ignore_regex=None, packages_select=None, packages_select_build_failed=False, packages_select_by_dep=None, packages_select_regex=None, packages_select_test_failures=False, packages_skip=None, packages_skip_build_finished=False, packages_skip_by_dep=None, packages_skip_regex=None, packages_skip_test_passed=False, packages_skip_up_to=None, packages_start=None, packages_up_to=None, packages_up_to_regex=None, parallel_workers=20, paths=None, symlink_install=False, test_result_base=None, verb_extension=<colcon_core.verb.build.BuildVerb object at 0x7f24b51bbbe0>, verb_name='build', verb_parser=<colcon_mixin.mixin.mixin_argument.MixinArgumentDecorator object at 0x7f24b51c5160>)
[0.103s] Level 1:colcon.colcon_core.package_discovery:discover_packages(colcon_meta) check parameters
[0.103s] Level 1:colcon.colcon_core.package_discovery:discover_packages(recursive) check parameters
[0.103s] Level 1:colcon.colcon_core.package_discovery:discover_packages(ignore) check parameters
[0.103s] Level 1:colcon.colcon_core.package_discovery:discover_packages(path) check parameters
[0.103s] Level 1:colcon.colcon_core.package_discovery:discover_packages(colcon_meta) discover
[0.103s] Level 1:colcon.colcon_core.package_discovery:discover_packages(recursive) discover
[0.103s] INFO:colcon.colcon_core.package_discovery:Crawling recursively for packages in '/workspaces/ros2_fprime_bridge/ros_ws'
[0.103s] Level 1:colcon.colcon_core.package_identification:_identify(.) by extensions ['ignore', 'ignore_ament_install']
[0.103s] Level 1:colcon.colcon_core.package_identification:_identify(.) by extension 'ignore'
[0.103s] Level 1:colcon.colcon_core.package_identification:_identify(.) by extension 'ignore_ament_install'
[0.103s] Level 1:colcon.colcon_core.package_identification:_identify(.) by extensions ['colcon_pkg']
[0.103s] Level 1:colcon.colcon_core.package_identification:_identify(.) by extension 'colcon_pkg'
[0.103s] Level 1:colcon.colcon_core.package_identification:_identify(.) by extensions ['colcon_meta']
[0.103s] Level 1:colcon.colcon_core.package_identification:_identify(.) by extension 'colcon_meta'
[0.103s] Level 1:colcon.colcon_core.package_identification:_identify(.) by extensions ['ros']
[0.103s] Level 1:colcon.colcon_core.package_identification:_identify(.) by extension 'ros'
[0.110s] Level 1:colcon.colcon_core.package_identification:_identify(.) by extensions ['cmake', 'python']
[0.110s] Level 1:colcon.colcon_core.package_identification:_identify(.) by extension 'cmake'
[0.110s] Level 1:colcon.colcon_core.package_identification:_identify(.) by extension 'python'
[0.110s] Level 1:colcon.colcon_core.package_identification:_identify(.) by extensions ['python_setup_py']
[0.111s] Level 1:colcon.colcon_core.package_identification:_identify(.) by extension 'python_setup_py'
[0.111s] Level 1:colcon.colcon_core.package_identification:_identify(build) by extensions ['ignore', 'ignore_ament_install']
[0.111s] Level 1:colcon.colcon_core.package_identification:_identify(build) by extension 'ignore'
[0.111s] Level 1:colcon.colcon_core.package_identification:_identify(build) ignored
[0.111s] Level 1:colcon.colcon_core.package_identification:_identify(install) by extensions ['ignore', 'ignore_ament_install']
[0.111s] Level 1:colcon.colcon_core.package_identification:_identify(install) by extension 'ignore'
[0.111s] Level 1:colcon.colcon_core.package_identification:_identify(install) ignored
[0.111s] Level 1:colcon.colcon_core.package_identification:_identify(log) by extensions ['ignore', 'ignore_ament_install']
[0.111s] Level 1:colcon.colcon_core.package_identification:_identify(log) by extension 'ignore'
[0.111s] Level 1:colcon.colcon_core.package_identification:_identify(log) ignored
[0.111s] Level 1:colcon.colcon_core.package_identification:_identify(src) by extensions ['ignore', 'ignore_ament_install']
[0.111s] Level 1:colcon.colcon_core.package_identification:_identify(src) by extension 'ignore'
[0.111s] Level 1:colcon.colcon_core.package_identification:_identify(src) by extension 'ignore_ament_install'
[0.111s] Level 1:colcon.colcon_core.package_identification:_identify(src) by extensions ['colcon_pkg']
[0.111s] Level 1:colcon.colcon_core.package_identification:_identify(src) by extension 'colcon_pkg'
[0.111s] Level 1:colcon.colcon_core.package_identification:_identify(src) by extensions ['colcon_meta']
[0.111s] Level 1:colcon.colcon_core.package_identification:_identify(src) by extension 'colcon_meta'
[0.111s] Level 1:colcon.colcon_core.package_identification:_identify(src) by extensions ['ros']
[0.111s] Level 1:colcon.colcon_core.package_identification:_identify(src) by extension 'ros'
[0.111s] Level 1:colcon.colcon_core.package_identification:_identify(src) by extensions ['cmake', 'python']
[0.111s] Level 1:colcon.colcon_core.package_identification:_identify(src) by extension 'cmake'
[0.111s] Level 1:colcon.colcon_core.package_identification:_identify(src) by extension 'python'
[0.111s] Level 1:colcon.colcon_core.package_identification:_identify(src) by extensions ['python_setup_py']
[0.111s] Level 1:colcon.colcon_core.package_identification:_identify(src) by extension 'python_setup_py'
[0.111s] Level 1:colcon.colcon_core.package_identification:_identify(src/dynamics_node) by extensions ['ignore', 'ignore_ament_install']
[0.111s] Level 1:colcon.colcon_core.package_identification:_identify(src/dynamics_node) by extension 'ignore'
[0.111s] Level 1:colcon.colcon_core.package_identification:_identify(src/dynamics_node) by extension 'ignore_ament_install'
[0.111s] Level 1:colcon.colcon_core.package_identification:_identify(src/dynamics_node) by extensions ['colcon_pkg']
[0.111s] Level 1:colcon.colcon_core.package_identification:_identify(src/dynamics_node) by extension 'colcon_pkg'
[0.112s] Level 1:colcon.colcon_core.package_identification:_identify(src/dynamics_node) by extensions ['colcon_meta']
[0.112s] Level 1:colcon.colcon_core.package_identification:_identify(src/dynamics_node) by extension 'colcon_meta'
[0.112s] Level 1:colcon.colcon_core.package_identification:_identify(src/dynamics_node) by extensions ['ros']
[0.112s] Level 1:colcon.colcon_core.package_identification:_identify(src/dynamics_node) by extension 'ros'
[0.113s] DEBUG:colcon.colcon_core.package_identification:Package 'src/dynamics_node' with type 'ros.ament_cmake' and name 'dynamics_node'
[0.113s] Level 1:colcon.colcon_core.package_discovery:discover_packages(recursive) using defaults
[0.113s] Level 1:colcon.colcon_core.package_discovery:discover_packages(ignore) discover
[0.113s] Level 1:colcon.colcon_core.package_discovery:discover_packages(ignore) using defaults
[0.113s] Level 1:colcon.colcon_core.package_discovery:discover_packages(path) discover
[0.113s] Level 1:colcon.colcon_core.package_discovery:discover_packages(path) using defaults
[0.130s] Level 5:colcon.colcon_core.verb:set package 'dynamics_node' build argument 'cmake_args' from command line to 'None'
[0.130s] Level 5:colcon.colcon_core.verb:set package 'dynamics_node' build argument 'cmake_target' from command line to 'None'
[0.130s] Level 5:colcon.colcon_core.verb:set package 'dynamics_node' build argument 'cmake_target_skip_unavailable' from command line to 'False'
[0.130s] Level 5:colcon.colcon_core.verb:set package 'dynamics_node' build argument 'cmake_clean_cache' from command line to 'False'
[0.130s] Level 5:colcon.colcon_core.verb:set package 'dynamics_node' build argument 'cmake_clean_first' from command line to 'False'
[0.130s] Level 5:colcon.colcon_core.verb:set package 'dynamics_node' build argument 'cmake_force_configure' from command line to 'False'
[0.130s] Level 5:colcon.colcon_core.verb:set package 'dynamics_node' build argument 'ament_cmake_args' from command line to 'None'
[0.130s] Level 5:colcon.colcon_core.verb:set package 'dynamics_node' build argument 'catkin_cmake_args' from command line to 'None'
[0.130s] Level 5:colcon.colcon_core.verb:set package 'dynamics_node' build argument 'catkin_skip_building_tests' from command line to 'False'
[0.130s] DEBUG:colcon.colcon_core.verb:Building package 'dynamics_node' with the following arguments: {'ament_cmake_args': None, 'build_base': '/workspaces/ros2_fprime_bridge/ros_ws/build/dynamics_node', 'catkin_cmake_args': None, 'catkin_skip_building_tests': False, 'cmake_args': None, 'cmake_clean_cache': False, 'cmake_clean_first': False, 'cmake_force_configure': False, 'cmake_target': None, 'cmake_target_skip_unavailable': False, 'install_base': '/workspaces/ros2_fprime_bridge/ros_ws/install/dynamics_node', 'merge_install': False, 'path': '/workspaces/ros2_fprime_bridge/ros_ws/src/dynamics_node', 'symlink_install': False, 'test_result_base': None}
[0.131s] INFO:colcon.colcon_core.executor:Executing jobs using 'parallel' executor
[0.133s] DEBUG:colcon.colcon_parallel_executor.executor.parallel:run_until_complete
[0.133s] INFO:colcon.colcon_ros.task.ament_cmake.build:Building ROS package in '/workspaces/ros2_fprime_bridge/ros_ws/src/dynamics_node' with build type 'ament_cmake'
[0.133s] INFO:colcon.colcon_cmake.task.cmake.build:Building CMake package in '/workspaces/ros2_fprime_bridge/ros_ws/src/dynamics_node'
[0.138s] INFO:colcon.colcon_core.plugin_system:Skipping extension 'colcon_core.shell.bat': Not used on non-Windows systems
[0.138s] INFO:colcon.colcon_core.shell:Skip shell extension 'powershell' for command environment: Not usable outside of PowerShell
[0.138s] DEBUG:colcon.colcon_core.shell:Skip shell extension 'dsv' for command environment
[0.148s] DEBUG:colcon.colcon_core.event_handler.log_command:Invoking command in '/workspaces/ros2_fprime_bridge/ros_ws/build/dynamics_node': CMAKE_PREFIX_PATH=/opt/ros/foxy /usr/bin/cmake --build /workspaces/ros2_fprime_bridge/ros_ws/build/dynamics_node -- -j20 -l20
[3.770s] DEBUG:colcon.colcon_core.event_handler.log_command:Invoked command in '/workspaces/ros2_fprime_bridge/ros_ws/build/dynamics_node' returned '0': CMAKE_PREFIX_PATH=/opt/ros/foxy /usr/bin/cmake --build /workspaces/ros2_fprime_bridge/ros_ws/build/dynamics_node -- -j20 -l20
[3.844s] DEBUG:colcon.colcon_core.event_handler.log_command:Invoking command in '/workspaces/ros2_fprime_bridge/ros_ws/build/dynamics_node': CMAKE_PREFIX_PATH=/opt/ros/foxy /usr/bin/cmake --install /workspaces/ros2_fprime_bridge/ros_ws/build/dynamics_node
[3.893s] Level 1:colcon.colcon_core.environment:create_environment_scripts_only(dynamics_node)
[3.894s] DEBUG:colcon.colcon_core.event_handler.log_command:Invoked command in '/workspaces/ros2_fprime_bridge/ros_ws/build/dynamics_node' returned '0': CMAKE_PREFIX_PATH=/opt/ros/foxy /usr/bin/cmake --install /workspaces/ros2_fprime_bridge/ros_ws/build/dynamics_node
[3.898s] Level 1:colcon.colcon_core.environment:checking '/workspaces/ros2_fprime_bridge/ros_ws/install/dynamics_node' for CMake module files
[3.898s] Level 1:colcon.colcon_core.environment:checking '/workspaces/ros2_fprime_bridge/ros_ws/install/dynamics_node' for CMake config files
[3.899s] Level 1:colcon.colcon_core.shell:create_environment_hook('dynamics_node', 'cmake_prefix_path')
[3.899s] INFO:colcon.colcon_core.shell:Creating environment hook '/workspaces/ros2_fprime_bridge/ros_ws/install/dynamics_node/share/dynamics_node/hook/cmake_prefix_path.ps1'
[3.900s] INFO:colcon.colcon_core.shell:Creating environment descriptor '/workspaces/ros2_fprime_bridge/ros_ws/install/dynamics_node/share/dynamics_node/hook/cmake_prefix_path.dsv'
[3.900s] INFO:colcon.colcon_core.shell:Creating environment hook '/workspaces/ros2_fprime_bridge/ros_ws/install/dynamics_node/share/dynamics_node/hook/cmake_prefix_path.sh'
[3.901s] Level 1:colcon.colcon_core.environment:checking '/workspaces/ros2_fprime_bridge/ros_ws/install/dynamics_node/lib'
[3.901s] Level 1:colcon.colcon_core.shell:create_environment_hook('dynamics_node', 'ld_library_path_lib')
[3.901s] INFO:colcon.colcon_core.shell:Creating environment hook '/workspaces/ros2_fprime_bridge/ros_ws/install/dynamics_node/share/dynamics_node/hook/ld_library_path_lib.ps1'
[3.902s] INFO:colcon.colcon_core.shell:Creating environment descriptor '/workspaces/ros2_fprime_bridge/ros_ws/install/dynamics_node/share/dynamics_node/hook/ld_library_path_lib.dsv'
[3.902s] INFO:colcon.colcon_core.shell:Creating environment hook '/workspaces/ros2_fprime_bridge/ros_ws/install/dynamics_node/share/dynamics_node/hook/ld_library_path_lib.sh'
[3.902s] Level 1:colcon.colcon_core.environment:checking '/workspaces/ros2_fprime_bridge/ros_ws/install/dynamics_node/bin'
[3.902s] Level 1:colcon.colcon_core.environment:checking '/workspaces/ros2_fprime_bridge/ros_ws/install/dynamics_node/lib/pkgconfig/dynamics_node.pc'
[3.903s] Level 1:colcon.colcon_core.environment:checking '/workspaces/ros2_fprime_bridge/ros_ws/install/dynamics_node/lib/python3.8/site-packages'
[3.903s] Level 1:colcon.colcon_core.shell:create_environment_hook('dynamics_node', 'pythonpath')
[3.903s] INFO:colcon.colcon_core.shell:Creating environment hook '/workspaces/ros2_fprime_bridge/ros_ws/install/dynamics_node/share/dynamics_node/hook/pythonpath.ps1'
[3.903s] INFO:colcon.colcon_core.shell:Creating environment descriptor '/workspaces/ros2_fprime_bridge/ros_ws/install/dynamics_node/share/dynamics_node/hook/pythonpath.dsv'
[3.904s] INFO:colcon.colcon_core.shell:Creating environment hook '/workspaces/ros2_fprime_bridge/ros_ws/install/dynamics_node/share/dynamics_node/hook/pythonpath.sh'
[3.904s] Level 1:colcon.colcon_core.environment:checking '/workspaces/ros2_fprime_bridge/ros_ws/install/dynamics_node/bin'
[3.905s] INFO:colcon.colcon_core.shell:Creating package script '/workspaces/ros2_fprime_bridge/ros_ws/install/dynamics_node/share/dynamics_node/package.ps1'
[3.905s] INFO:colcon.colcon_core.shell:Creating package descriptor '/workspaces/ros2_fprime_bridge/ros_ws/install/dynamics_node/share/dynamics_node/package.dsv'
[3.905s] INFO:colcon.colcon_core.shell:Creating package script '/workspaces/ros2_fprime_bridge/ros_ws/install/dynamics_node/share/dynamics_node/package.sh'
[3.906s] INFO:colcon.colcon_core.shell:Creating package script '/workspaces/ros2_fprime_bridge/ros_ws/install/dynamics_node/share/dynamics_node/package.bash'
[3.906s] INFO:colcon.colcon_core.shell:Creating package script '/workspaces/ros2_fprime_bridge/ros_ws/install/dynamics_node/share/dynamics_node/package.zsh'
[3.907s] Level 1:colcon.colcon_core.environment:create_file_with_runtime_dependencies(/workspaces/ros2_fprime_bridge/ros_ws/install/dynamics_node/share/colcon-core/packages/dynamics_node)
[3.961s] Level 1:colcon.colcon_core.environment:create_environment_scripts_only(dynamics_node)
[3.964s] Level 1:colcon.colcon_core.environment:checking '/workspaces/ros2_fprime_bridge/ros_ws/install/dynamics_node' for CMake module files
[3.965s] Level 1:colcon.colcon_core.environment:checking '/workspaces/ros2_fprime_bridge/ros_ws/install/dynamics_node' for CMake config files
[3.965s] Level 1:colcon.colcon_core.shell:create_environment_hook('dynamics_node', 'cmake_prefix_path')
[3.967s] INFO:colcon.colcon_core.shell:Creating environment hook '/workspaces/ros2_fprime_bridge/ros_ws/install/dynamics_node/share/dynamics_node/hook/cmake_prefix_path.ps1'
[3.967s] INFO:colcon.colcon_core.shell:Creating environment descriptor '/workspaces/ros2_fprime_bridge/ros_ws/install/dynamics_node/share/dynamics_node/hook/cmake_prefix_path.dsv'
[3.968s] INFO:colcon.colcon_core.shell:Creating environment hook '/workspaces/ros2_fprime_bridge/ros_ws/install/dynamics_node/share/dynamics_node/hook/cmake_prefix_path.sh'
[3.968s] Level 1:colcon.colcon_core.environment:checking '/workspaces/ros2_fprime_bridge/ros_ws/install/dynamics_node/lib'
[3.969s] Level 1:colcon.colcon_core.shell:create_environment_hook('dynamics_node', 'ld_library_path_lib')
[3.970s] INFO:colcon.colcon_core.shell:Creating environment hook '/workspaces/ros2_fprime_bridge/ros_ws/install/dynamics_node/share/dynamics_node/hook/ld_library_path_lib.ps1'
[3.970s] INFO:colcon.colcon_core.shell:Creating environment descriptor '/workspaces/ros2_fprime_bridge/ros_ws/install/dynamics_node/share/dynamics_node/hook/ld_library_path_lib.dsv'
[3.970s] INFO:colcon.colcon_core.shell:Creating environment hook '/workspaces/ros2_fprime_bridge/ros_ws/install/dynamics_node/share/dynamics_node/hook/ld_library_path_lib.sh'
[3.971s] Level 1:colcon.colcon_core.environment:checking '/workspaces/ros2_fprime_bridge/ros_ws/install/dynamics_node/bin'
[3.971s] Level 1:colcon.colcon_core.environment:checking '/workspaces/ros2_fprime_bridge/ros_ws/install/dynamics_node/lib/pkgconfig/dynamics_node.pc'
[3.971s] Level 1:colcon.colcon_core.environment:checking '/workspaces/ros2_fprime_bridge/ros_ws/install/dynamics_node/lib/python3.8/site-packages'
[3.971s] Level 1:colcon.colcon_core.shell:create_environment_hook('dynamics_node', 'pythonpath')
[3.972s] INFO:colcon.colcon_core.shell:Creating environment hook '/workspaces/ros2_fprime_bridge/ros_ws/install/dynamics_node/share/dynamics_node/hook/pythonpath.ps1'
[3.972s] INFO:colcon.colcon_core.shell:Creating environment descriptor '/workspaces/ros2_fprime_bridge/ros_ws/install/dynamics_node/share/dynamics_node/hook/pythonpath.dsv'
[3.972s] INFO:colcon.colcon_core.shell:Creating environment hook '/workspaces/ros2_fprime_bridge/ros_ws/install/dynamics_node/share/dynamics_node/hook/pythonpath.sh'
[3.973s] Level 1:colcon.colcon_core.environment:checking '/workspaces/ros2_fprime_bridge/ros_ws/install/dynamics_node/bin'
[3.973s] INFO:colcon.colcon_core.shell:Creating package script '/workspaces/ros2_fprime_bridge/ros_ws/install/dynamics_node/share/dynamics_node/package.ps1'
[3.974s] INFO:colcon.colcon_core.shell:Creating package descriptor '/workspaces/ros2_fprime_bridge/ros_ws/install/dynamics_node/share/dynamics_node/package.dsv'
[3.974s] INFO:colcon.colcon_core.shell:Creating package script '/workspaces/ros2_fprime_bridge/ros_ws/install/dynamics_node/share/dynamics_node/package.sh'
[3.975s] INFO:colcon.colcon_core.shell:Creating package script '/workspaces/ros2_fprime_bridge/ros_ws/install/dynamics_node/share/dynamics_node/package.bash'
[3.975s] INFO:colcon.colcon_core.shell:Creating package script '/workspaces/ros2_fprime_bridge/ros_ws/install/dynamics_node/share/dynamics_node/package.zsh'
[3.975s] Level 1:colcon.colcon_core.environment:create_file_with_runtime_dependencies(/workspaces/ros2_fprime_bridge/ros_ws/install/dynamics_node/share/colcon-core/packages/dynamics_node)
[3.976s] DEBUG:colcon.colcon_parallel_executor.executor.parallel:closing loop
[3.976s] DEBUG:colcon.colcon_parallel_executor.executor.parallel:loop closed
[3.976s] DEBUG:colcon.colcon_parallel_executor.executor.parallel:run_until_complete finished with '0'
[3.976s] DEBUG:colcon.colcon_core.event_reactor:joining thread
[3.981s] INFO:colcon.colcon_core.plugin_system:Skipping extension 'colcon_notification.desktop_notification.notify_send': Could not find 'notify-send'
[3.981s] INFO:colcon.colcon_core.plugin_system:Skipping extension 'colcon_notification.desktop_notification.terminal_notifier': Not used on non-Darwin systems
[3.981s] INFO:colcon.colcon_core.plugin_system:Skipping extension 'colcon_notification.desktop_notification.win32': Not used on non-Windows systems
[3.981s] INFO:colcon.colcon_notification.desktop_notification:Sending desktop notification using 'notify2'
[3.982s] DEBUG:colcon.colcon_notification.desktop_notification.notify2:Failed to initialize notify2: org.freedesktop.DBus.Error.Spawn.ExecFailed: /usr/bin/dbus-launch terminated abnormally without any error message
[3.982s] DEBUG:colcon.colcon_core.event_reactor:joined thread
[3.984s] INFO:colcon.colcon_core.shell:Creating prefix script '/workspaces/ros2_fprime_bridge/ros_ws/install/local_setup.ps1'
[3.984s] INFO:colcon.colcon_core.shell:Creating prefix util module '/workspaces/ros2_fprime_bridge/ros_ws/install/_local_setup_util_ps1.py'
[3.985s] INFO:colcon.colcon_core.shell:Creating prefix chain script '/workspaces/ros2_fprime_bridge/ros_ws/install/setup.ps1'
[3.986s] INFO:colcon.colcon_core.shell:Creating prefix script '/workspaces/ros2_fprime_bridge/ros_ws/install/local_setup.sh'
[3.986s] INFO:colcon.colcon_core.shell:Creating prefix util module '/workspaces/ros2_fprime_bridge/ros_ws/install/_local_setup_util_sh.py'
[3.987s] INFO:colcon.colcon_core.shell:Creating prefix chain script '/workspaces/ros2_fprime_bridge/ros_ws/install/setup.sh'
[3.987s] INFO:colcon.colcon_core.shell:Creating prefix script '/workspaces/ros2_fprime_bridge/ros_ws/install/local_setup.bash'
[3.987s] INFO:colcon.colcon_core.shell:Creating prefix chain script '/workspaces/ros2_fprime_bridge/ros_ws/install/setup.bash'
[3.988s] INFO:colcon.colcon_core.shell:Creating prefix script '/workspaces/ros2_fprime_bridge/ros_ws/install/local_setup.zsh'
[3.988s] INFO:colcon.colcon_core.shell:Creating prefix chain script '/workspaces/ros2_fprime_bridge/ros_ws/install/setup.zsh'
