[0.008s] Invoking command in '/workspaces/ros2_fprime_bridge/ros_ws/build/dynamics_node': CMAKE_PREFIX_PATH=/opt/ros/foxy /usr/bin/cmake --build /workspaces/ros2_fprime_bridge/ros_ws/build/dynamics_node -- -j20 -l20
[0.053s] [  9%] Built target dynamics_node__cpp
[0.053s] [ 12%] Built target dynamics_node__rosidl_generator_c
[0.068s] [ 43%] Built target dynamics_node__rosidl_typesupport_c
[0.069s] [ 43%] Built target dynamics_node__rosidl_typesupport_cpp
[0.069s] [ 51%] Built target dynamics_node__rosidl_typesupport_fastrtps_cpp
[0.069s] [ 48%] Built target dynamics_node__rosidl_typesupport_introspection_cpp
[0.070s] [ 60%] Built target dynamics_node__rosidl_typesupport_introspection_c
[0.083s] [ 70%] Built target dynamics_node__rosidl_typesupport_fastrtps_c
[0.097s] [ 70%] Built target dynamics_node
[0.108s] [35m[1mScanning dependencies of target dynamics[0m
[0.114s] [ 73%] Built target dynamics_node__py
[0.128s] [ 75%] [32mBuilding CXX object CMakeFiles/dynamics.dir/src/dynamics_node.cpp.o[0m
[0.132s] [ 82%] Built target dynamics_node__python
[0.149s] [ 92%] Built target dynamics_node__rosidl_typesupport_c__pyext
[0.149s] [ 92%] Built target dynamics_node__rosidl_typesupport_fastrtps_c__pyext
[0.149s] [ 97%] Built target dynamics_node__rosidl_typesupport_introspection_c__pyext
[0.840s] In file included from [01m[K/workspaces/ros2_fprime_bridge/ros_ws/src/dynamics_node/src/../include/dynamics_node/dynamics_node.hpp:15[m[K,
[0.840s]                  from [01m[K/workspaces/ros2_fprime_bridge/ros_ws/src/dynamics_node/src/dynamics_node.cpp:1[m[K:
[0.840s] [01m[K/workspaces/ros2_fprime_bridge/ros_ws/src/dynamics_node/src/../include/dynamics_node/../../../../../common/lulav_comm/udp/src/udp_client_server.hpp:12:11:[m[K [01;35m[Kwarning: [m[Knested namespace definitions only available with ‘[01m[K-std=c++17[m[K’ or ‘[01m[K-std=gnu++17[m[K’ [[01;35m[K-Wpedantic[m[K]
[0.840s]    12 | namespace [01;35m[Klulav[m[K::comm::udp
[0.840s]       |           [01;35m[K^~~~~[m[K
[0.864s] [01m[K/workspaces/ros2_fprime_bridge/ros_ws/src/dynamics_node/src/dynamics_node.cpp:[m[K In member function ‘[01m[Kvoid DynamicsNode::_cb_enable(std_msgs::msg::Bool_<std::allocator<void> >::SharedPtr)[m[K’:
[0.864s] [01m[K/workspaces/ros2_fprime_bridge/ros_ws/src/dynamics_node/src/dynamics_node.cpp:22:68:[m[K [01;35m[Kwarning: [m[Kunused parameter ‘[01m[Kmsg[m[K’ [[01;35m[K-Wunused-parameter[m[K]
[0.864s]    22 | void DynamicsNode::_cb_enable([01;35m[Kconst std_msgs::msg::Bool::SharedPtr msg[m[K)
[0.864s]       |                               [01;35m[K~~~~~~~~~~~~~~~~~~~~~~~~~~~~~~~~~~~~~^~~[m[K
[3.424s] [100%] [32m[1mLinking CXX executable dynamics[0m
[3.585s] [100%] Built target dynamics
[3.597s] Invoked command in '/workspaces/ros2_fprime_bridge/ros_ws/build/dynamics_node' returned '0': CMAKE_PREFIX_PATH=/opt/ros/foxy /usr/bin/cmake --build /workspaces/ros2_fprime_bridge/ros_ws/build/dynamics_node -- -j20 -l20
[3.641s] Invoking command in '/workspaces/ros2_fprime_bridge/ros_ws/build/dynamics_node': CMAKE_PREFIX_PATH=/opt/ros/foxy /usr/bin/cmake --install /workspaces/ros2_fprime_bridge/ros_ws/build/dynamics_node
[3.648s] -- Install configuration: ""
[3.648s] -- Installing: /workspaces/ros2_fprime_bridge/ros_ws/install/dynamics_node/share/ament_index/resource_index/rosidl_interfaces/dynamics_node
[3.648s] -- Installing: /workspaces/ros2_fprime_bridge/ros_ws/install/dynamics_node/include/dynamics_node
[3.648s] -- Installing: /workspaces/ros2_fprime_bridge/ros_ws/install/dynamics_node/include/dynamics_node/msg
[3.648s] -- Installing: /workspaces/ros2_fprime_bridge/ros_ws/install/dynamics_node/include/dynamics_node/msg/rosidl_generator_c__visibility_control.h
[3.649s] -- Installing: /workspaces/ros2_fprime_bridge/ros_ws/install/dynamics_node/include/dynamics_node/msg/control_signal.h
[3.649s] -- Installing: /workspaces/ros2_fprime_bridge/ros_ws/install/dynamics_node/include/dynamics_node/msg/detail
[3.649s] -- Installing: /workspaces/ros2_fprime_bridge/ros_ws/install/dynamics_node/include/dynamics_node/msg/detail/control_signal__struct.h
[3.649s] -- Installing: /workspaces/ros2_fprime_bridge/ros_ws/install/dynamics_node/include/dynamics_node/msg/detail/control_signal__functions.h
[3.649s] -- Installing: /workspaces/ros2_fprime_bridge/ros_ws/install/dynamics_node/include/dynamics_node/msg/detail/state__functions.h
[3.649s] -- Installing: /workspaces/ros2_fprime_bridge/ros_ws/install/dynamics_node/include/dynamics_node/msg/detail/state__struct.h
[3.649s] -- Installing: /workspaces/ros2_fprime_bridge/ros_ws/install/dynamics_node/include/dynamics_node/msg/detail/state__functions.c
[3.649s] -- Installing: /workspaces/ros2_fprime_bridge/ros_ws/install/dynamics_node/include/dynamics_node/msg/detail/control_signal__type_support.h
[3.649s] -- Installing: /workspaces/ros2_fprime_bridge/ros_ws/install/dynamics_node/include/dynamics_node/msg/detail/state__type_support.h
[3.650s] -- Installing: /workspaces/ros2_fprime_bridge/ros_ws/install/dynamics_node/include/dynamics_node/msg/detail/control_signal__functions.c
[3.650s] -- Installing: /workspaces/ros2_fprime_bridge/ros_ws/install/dynamics_node/include/dynamics_node/msg/state.h
[3.650s] -- Installing: /workspaces/ros2_fprime_bridge/ros_ws/install/dynamics_node/share/dynamics_node/environment/library_path.sh
[3.650s] -- Installing: /workspaces/ros2_fprime_bridge/ros_ws/install/dynamics_node/share/dynamics_node/environment/library_path.dsv
[3.650s] -- Installing: /workspaces/ros2_fprime_bridge/ros_ws/install/dynamics_node/lib/libdynamics_node__rosidl_generator_c.so
[3.650s] -- Set runtime path of "/workspaces/ros2_fprime_bridge/ros_ws/install/dynamics_node/lib/libdynamics_node__rosidl_generator_c.so" to ""
[3.650s] -- Up-to-date: /workspaces/ros2_fprime_bridge/ros_ws/install/dynamics_node/include/dynamics_node
[3.650s] -- Up-to-date: /workspaces/ros2_fprime_bridge/ros_ws/install/dynamics_node/include/dynamics_node/msg
[3.650s] -- Up-to-date: /workspaces/ros2_fprime_bridge/ros_ws/install/dynamics_node/include/dynamics_node/msg/detail
[3.650s] -- Installing: /workspaces/ros2_fprime_bridge/ros_ws/install/dynamics_node/include/dynamics_node/msg/detail/control_signal__rosidl_typesupport_fastrtps_c.h
[3.651s] -- Installing: /workspaces/ros2_fprime_bridge/ros_ws/install/dynamics_node/include/dynamics_node/msg/detail/state__rosidl_typesupport_fastrtps_c.h
[3.651s] -- Installing: /workspaces/ros2_fprime_bridge/ros_ws/install/dynamics_node/include/dynamics_node/msg/rosidl_typesupport_fastrtps_c__visibility_control.h
[3.651s] -- Installing: /workspaces/ros2_fprime_bridge/ros_ws/install/dynamics_node/lib/libdynamics_node__rosidl_typesupport_fastrtps_c.so
[3.651s] -- Set runtime path of "/workspaces/ros2_fprime_bridge/ros_ws/install/dynamics_node/lib/libdynamics_node__rosidl_typesupport_fastrtps_c.so" to ""
[3.651s] -- Up-to-date: /workspaces/ros2_fprime_bridge/ros_ws/install/dynamics_node/include/dynamics_node
[3.651s] -- Up-to-date: /workspaces/ros2_fprime_bridge/ros_ws/install/dynamics_node/include/dynamics_node/msg
[3.651s] -- Installing: /workspaces/ros2_fprime_bridge/ros_ws/install/dynamics_node/include/dynamics_node/msg/rosidl_typesupport_fastrtps_cpp__visibility_control.h
[3.651s] -- Up-to-date: /workspaces/ros2_fprime_bridge/ros_ws/install/dynamics_node/include/dynamics_node/msg/detail
[3.651s] -- Installing: /workspaces/ros2_fprime_bridge/ros_ws/install/dynamics_node/include/dynamics_node/msg/detail/dds_fastrtps
[3.652s] -- Installing: /workspaces/ros2_fprime_bridge/ros_ws/install/dynamics_node/include/dynamics_node/msg/detail/state__rosidl_typesupport_fastrtps_cpp.hpp
[3.652s] -- Installing: /workspaces/ros2_fprime_bridge/ros_ws/install/dynamics_node/include/dynamics_node/msg/detail/control_signal__rosidl_typesupport_fastrtps_cpp.hpp
[3.652s] -- Installing: /workspaces/ros2_fprime_bridge/ros_ws/install/dynamics_node/lib/libdynamics_node__rosidl_typesupport_fastrtps_cpp.so
[3.652s] -- Set runtime path of "/workspaces/ros2_fprime_bridge/ros_ws/install/dynamics_node/lib/libdynamics_node__rosidl_typesupport_fastrtps_cpp.so" to ""
[3.652s] -- Up-to-date: /workspaces/ros2_fprime_bridge/ros_ws/install/dynamics_node/include/dynamics_node
[3.652s] -- Up-to-date: /workspaces/ros2_fprime_bridge/ros_ws/install/dynamics_node/include/dynamics_node/msg
[3.652s] -- Installing: /workspaces/ros2_fprime_bridge/ros_ws/install/dynamics_node/include/dynamics_node/msg/rosidl_typesupport_introspection_c__visibility_control.h
[3.652s] -- Up-to-date: /workspaces/ros2_fprime_bridge/ros_ws/install/dynamics_node/include/dynamics_node/msg/detail
[3.652s] -- Installing: /workspaces/ros2_fprime_bridge/ros_ws/install/dynamics_node/include/dynamics_node/msg/detail/control_signal__type_support.c
[3.652s] -- Installing: /workspaces/ros2_fprime_bridge/ros_ws/install/dynamics_node/include/dynamics_node/msg/detail/control_signal__rosidl_typesupport_introspection_c.h
[3.652s] -- Installing: /workspaces/ros2_fprime_bridge/ros_ws/install/dynamics_node/include/dynamics_node/msg/detail/state__type_support.c
[3.652s] -- Installing: /workspaces/ros2_fprime_bridge/ros_ws/install/dynamics_node/include/dynamics_node/msg/detail/state__rosidl_typesupport_introspection_c.h
[3.652s] -- Installing: /workspaces/ros2_fprime_bridge/ros_ws/install/dynamics_node/lib/libdynamics_node__rosidl_typesupport_introspection_c.so
[3.652s] -- Set runtime path of "/workspaces/ros2_fprime_bridge/ros_ws/install/dynamics_node/lib/libdynamics_node__rosidl_typesupport_introspection_c.so" to ""
[3.652s] -- Installing: /workspaces/ros2_fprime_bridge/ros_ws/install/dynamics_node/lib/libdynamics_node__rosidl_typesupport_c.so
[3.652s] -- Set runtime path of "/workspaces/ros2_fprime_bridge/ros_ws/install/dynamics_node/lib/libdynamics_node__rosidl_typesupport_c.so" to ""
[3.652s] -- Up-to-date: /workspaces/ros2_fprime_bridge/ros_ws/install/dynamics_node/include/dynamics_node
[3.652s] -- Up-to-date: /workspaces/ros2_fprime_bridge/ros_ws/install/dynamics_node/include/dynamics_node/msg
[3.652s] -- Installing: /workspaces/ros2_fprime_bridge/ros_ws/install/dynamics_node/include/dynamics_node/msg/state.hpp
[3.652s] -- Installing: /workspaces/ros2_fprime_bridge/ros_ws/install/dynamics_node/include/dynamics_node/msg/control_signal.hpp
[3.653s] -- Up-to-date: /workspaces/ros2_fprime_bridge/ros_ws/install/dynamics_node/include/dynamics_node/msg/detail
[3.653s] -- Installing: /workspaces/ros2_fprime_bridge/ros_ws/install/dynamics_node/include/dynamics_node/msg/detail/control_signal__traits.hpp
[3.653s] -- Installing: /workspaces/ros2_fprime_bridge/ros_ws/install/dynamics_node/include/dynamics_node/msg/detail/state__builder.hpp
[3.653s] -- Installing: /workspaces/ros2_fprime_bridge/ros_ws/install/dynamics_node/include/dynamics_node/msg/detail/control_signal__struct.hpp
[3.653s] -- Installing: /workspaces/ros2_fprime_bridge/ros_ws/install/dynamics_node/include/dynamics_node/msg/detail/state__struct.hpp
[3.653s] -- Installing: /workspaces/ros2_fprime_bridge/ros_ws/install/dynamics_node/include/dynamics_node/msg/detail/control_signal__builder.hpp
[3.653s] -- Installing: /workspaces/ros2_fprime_bridge/ros_ws/install/dynamics_node/include/dynamics_node/msg/detail/state__traits.hpp
[3.653s] -- Up-to-date: /workspaces/ros2_fprime_bridge/ros_ws/install/dynamics_node/include/dynamics_node
[3.653s] -- Up-to-date: /workspaces/ros2_fprime_bridge/ros_ws/install/dynamics_node/include/dynamics_node/msg
[3.653s] -- Up-to-date: /workspaces/ros2_fprime_bridge/ros_ws/install/dynamics_node/include/dynamics_node/msg/detail
[3.653s] -- Installing: /workspaces/ros2_fprime_bridge/ros_ws/install/dynamics_node/include/dynamics_node/msg/detail/state__rosidl_typesupport_introspection_cpp.hpp
[3.653s] -- Installing: /workspaces/ros2_fprime_bridge/ros_ws/install/dynamics_node/include/dynamics_node/msg/detail/control_signal__type_support.cpp
[3.653s] -- Installing: /workspaces/ros2_fprime_bridge/ros_ws/install/dynamics_node/include/dynamics_node/msg/detail/control_signal__rosidl_typesupport_introspection_cpp.hpp
[3.653s] -- Installing: /workspaces/ros2_fprime_bridge/ros_ws/install/dynamics_node/include/dynamics_node/msg/detail/state__type_support.cpp
[3.653s] -- Installing: /workspaces/ros2_fprime_bridge/ros_ws/install/dynamics_node/lib/libdynamics_node__rosidl_typesupport_introspection_cpp.so
[3.653s] -- Set runtime path of "/workspaces/ros2_fprime_bridge/ros_ws/install/dynamics_node/lib/libdynamics_node__rosidl_typesupport_introspection_cpp.so" to ""
[3.653s] -- Installing: /workspaces/ros2_fprime_bridge/ros_ws/install/dynamics_node/lib/libdynamics_node__rosidl_typesupport_cpp.so
[3.653s] -- Set runtime path of "/workspaces/ros2_fprime_bridge/ros_ws/install/dynamics_node/lib/libdynamics_node__rosidl_typesupport_cpp.so" to ""
[3.653s] -- Installing: /workspaces/ros2_fprime_bridge/ros_ws/install/dynamics_node/share/dynamics_node/environment/pythonpath.sh
[3.653s] -- Installing: /workspaces/ros2_fprime_bridge/ros_ws/install/dynamics_node/share/dynamics_node/environment/pythonpath.dsv
[3.653s] -- Installing: /workspaces/ros2_fprime_bridge/ros_ws/install/dynamics_node/lib/python3.8/site-packages/dynamics_node/__init__.py
[3.673s] Compiling '/workspaces/ros2_fprime_bridge/ros_ws/install/dynamics_node/lib/python3.8/site-packages/dynamics_node/__init__.py'...
[3.676s] -- Installing: /workspaces/ros2_fprime_bridge/ros_ws/install/dynamics_node/lib/python3.8/site-packages/dynamics_node/msg
[3.676s] -- Installing: /workspaces/ros2_fprime_bridge/ros_ws/install/dynamics_node/lib/python3.8/site-packages/dynamics_node/msg/_state_s.c
[3.676s] -- Installing: /workspaces/ros2_fprime_bridge/ros_ws/install/dynamics_node/lib/python3.8/site-packages/dynamics_node/msg/_control_signal_s.c
[3.676s] -- Installing: /workspaces/ros2_fprime_bridge/ros_ws/install/dynamics_node/lib/python3.8/site-packages/dynamics_node/msg/_control_signal.py
[3.676s] -- Installing: /workspaces/ros2_fprime_bridge/ros_ws/install/dynamics_node/lib/python3.8/site-packages/dynamics_node/msg/_state.py
[3.676s] -- Installing: /workspaces/ros2_fprime_bridge/ros_ws/install/dynamics_node/lib/python3.8/site-packages/dynamics_node/msg/__init__.py
[3.676s] -- Installing: /workspaces/ros2_fprime_bridge/ros_ws/install/dynamics_node/lib/python3.8/site-packages/dynamics_node/dynamics_node_s__rosidl_typesupport_fastrtps_c.cpython-38-x86_64-linux-gnu.so
[3.676s] -- Set runtime path of "/workspaces/ros2_fprime_bridge/ros_ws/install/dynamics_node/lib/python3.8/site-packages/dynamics_node/dynamics_node_s__rosidl_typesupport_fastrtps_c.cpython-38-x86_64-linux-gnu.so" to ""
[3.677s] -- Installing: /workspaces/ros2_fprime_bridge/ros_ws/install/dynamics_node/lib/python3.8/site-packages/dynamics_node/dynamics_node_s__rosidl_typesupport_introspection_c.cpython-38-x86_64-linux-gnu.so
[3.677s] -- Set runtime path of "/workspaces/ros2_fprime_bridge/ros_ws/install/dynamics_node/lib/python3.8/site-packages/dynamics_node/dynamics_node_s__rosidl_typesupport_introspection_c.cpython-38-x86_64-linux-gnu.so" to ""
[3.677s] -- Installing: /workspaces/ros2_fprime_bridge/ros_ws/install/dynamics_node/lib/python3.8/site-packages/dynamics_node/dynamics_node_s__rosidl_typesupport_c.cpython-38-x86_64-linux-gnu.so
[3.677s] -- Set runtime path of "/workspaces/ros2_fprime_bridge/ros_ws/install/dynamics_node/lib/python3.8/site-packages/dynamics_node/dynamics_node_s__rosidl_typesupport_c.cpython-38-x86_64-linux-gnu.so" to ""
[3.677s] -- Installing: /workspaces/ros2_fprime_bridge/ros_ws/install/dynamics_node/lib/libdynamics_node__python.so
[3.677s] -- Set runtime path of "/workspaces/ros2_fprime_bridge/ros_ws/install/dynamics_node/lib/libdynamics_node__python.so" to ""
[3.677s] -- Installing: /workspaces/ros2_fprime_bridge/ros_ws/install/dynamics_node/share/dynamics_node/msg/ControlSignal.idl
[3.678s] -- Installing: /workspaces/ros2_fprime_bridge/ros_ws/install/dynamics_node/share/dynamics_node/msg/State.idl
[3.678s] -- Installing: /workspaces/ros2_fprime_bridge/ros_ws/install/dynamics_node/share/dynamics_node/msg/ControlSignal.msg
[3.678s] -- Installing: /workspaces/ros2_fprime_bridge/ros_ws/install/dynamics_node/share/dynamics_node/msg/State.msg
[3.678s] -- Installing: /workspaces/ros2_fprime_bridge/ros_ws/install/dynamics_node/lib/dynamics_node/dynamics
[3.679s] -- Set runtime path of "/workspaces/ros2_fprime_bridge/ros_ws/install/dynamics_node/lib/dynamics_node/dynamics" to ""
[3.679s] -- Installing: /workspaces/ros2_fprime_bridge/ros_ws/install/dynamics_node/share/ament_index/resource_index/package_run_dependencies/dynamics_node
[3.679s] -- Installing: /workspaces/ros2_fprime_bridge/ros_ws/install/dynamics_node/share/ament_index/resource_index/parent_prefix_path/dynamics_node
[3.679s] -- Installing: /workspaces/ros2_fprime_bridge/ros_ws/install/dynamics_node/share/dynamics_node/environment/ament_prefix_path.sh
[3.679s] -- Installing: /workspaces/ros2_fprime_bridge/ros_ws/install/dynamics_node/share/dynamics_node/environment/ament_prefix_path.dsv
[3.679s] -- Installing: /workspaces/ros2_fprime_bridge/ros_ws/install/dynamics_node/share/dynamics_node/environment/path.sh
[3.679s] -- Installing: /workspaces/ros2_fprime_bridge/ros_ws/install/dynamics_node/share/dynamics_node/environment/path.dsv
[3.680s] -- Installing: /workspaces/ros2_fprime_bridge/ros_ws/install/dynamics_node/share/dynamics_node/local_setup.bash
[3.680s] -- Installing: /workspaces/ros2_fprime_bridge/ros_ws/install/dynamics_node/share/dynamics_node/local_setup.sh
[3.680s] -- Installing: /workspaces/ros2_fprime_bridge/ros_ws/install/dynamics_node/share/dynamics_node/local_setup.zsh
[3.680s] -- Installing: /workspaces/ros2_fprime_bridge/ros_ws/install/dynamics_node/share/dynamics_node/local_setup.dsv
[3.680s] -- Installing: /workspaces/ros2_fprime_bridge/ros_ws/install/dynamics_node/share/dynamics_node/package.dsv
[3.680s] -- Installing: /workspaces/ros2_fprime_bridge/ros_ws/install/dynamics_node/share/ament_index/resource_index/packages/dynamics_node
[3.680s] -- Installing: /workspaces/ros2_fprime_bridge/ros_ws/install/dynamics_node/share/dynamics_node/cmake/dynamics_node__rosidl_generator_cExport.cmake
[3.680s] -- Installing: /workspaces/ros2_fprime_bridge/ros_ws/install/dynamics_node/share/dynamics_node/cmake/dynamics_node__rosidl_generator_cExport-noconfig.cmake
[3.680s] -- Installing: /workspaces/ros2_fprime_bridge/ros_ws/install/dynamics_node/share/dynamics_node/cmake/dynamics_node__rosidl_typesupport_introspection_cExport.cmake
[3.680s] -- Installing: /workspaces/ros2_fprime_bridge/ros_ws/install/dynamics_node/share/dynamics_node/cmake/dynamics_node__rosidl_typesupport_introspection_cExport-noconfig.cmake
[3.680s] -- Installing: /workspaces/ros2_fprime_bridge/ros_ws/install/dynamics_node/share/dynamics_node/cmake/dynamics_node__rosidl_typesupport_cExport.cmake
[3.680s] -- Installing: /workspaces/ros2_fprime_bridge/ros_ws/install/dynamics_node/share/dynamics_node/cmake/dynamics_node__rosidl_typesupport_cExport-noconfig.cmake
[3.680s] -- Installing: /workspaces/ros2_fprime_bridge/ros_ws/install/dynamics_node/share/dynamics_node/cmake/dynamics_node__rosidl_generator_cppExport.cmake
[3.680s] -- Installing: /workspaces/ros2_fprime_bridge/ros_ws/install/dynamics_node/share/dynamics_node/cmake/dynamics_node__rosidl_typesupport_introspection_cppExport.cmake
[3.681s] -- Installing: /workspaces/ros2_fprime_bridge/ros_ws/install/dynamics_node/share/dynamics_node/cmake/dynamics_node__rosidl_typesupport_introspection_cppExport-noconfig.cmake
[3.681s] -- Installing: /workspaces/ros2_fprime_bridge/ros_ws/install/dynamics_node/share/dynamics_node/cmake/dynamics_node__rosidl_typesupport_cppExport.cmake
[3.681s] -- Installing: /workspaces/ros2_fprime_bridge/ros_ws/install/dynamics_node/share/dynamics_node/cmake/dynamics_node__rosidl_typesupport_cppExport-noconfig.cmake
[3.681s] -- Installing: /workspaces/ros2_fprime_bridge/ros_ws/install/dynamics_node/share/dynamics_node/cmake/rosidl_cmake-extras.cmake
[3.681s] -- Installing: /workspaces/ros2_fprime_bridge/ros_ws/install/dynamics_node/share/dynamics_node/cmake/ament_cmake_export_dependencies-extras.cmake
[3.681s] -- Installing: /workspaces/ros2_fprime_bridge/ros_ws/install/dynamics_node/share/dynamics_node/cmake/ament_cmake_export_libraries-extras.cmake
[3.681s] -- Installing: /workspaces/ros2_fprime_bridge/ros_ws/install/dynamics_node/share/dynamics_node/cmake/ament_cmake_export_targets-extras.cmake
[3.681s] -- Installing: /workspaces/ros2_fprime_bridge/ros_ws/install/dynamics_node/share/dynamics_node/cmake/ament_cmake_export_include_directories-extras.cmake
[3.681s] -- Installing: /workspaces/ros2_fprime_bridge/ros_ws/install/dynamics_node/share/dynamics_node/cmake/rosidl_cmake_export_typesupport_libraries-extras.cmake
[3.681s] -- Installing: /workspaces/ros2_fprime_bridge/ros_ws/install/dynamics_node/share/dynamics_node/cmake/rosidl_cmake_export_typesupport_targets-extras.cmake
[3.681s] -- Installing: /workspaces/ros2_fprime_bridge/ros_ws/install/dynamics_node/share/dynamics_node/cmake/dynamics_nodeConfig.cmake
[3.681s] -- Installing: /workspaces/ros2_fprime_bridge/ros_ws/install/dynamics_node/share/dynamics_node/cmake/dynamics_nodeConfig-version.cmake
[3.681s] -- Installing: /workspaces/ros2_fprime_bridge/ros_ws/install/dynamics_node/share/dynamics_node/package.xml
[3.683s] Invoked command in '/workspaces/ros2_fprime_bridge/ros_ws/build/dynamics_node' returned '0': CMAKE_PREFIX_PATH=/opt/ros/foxy /usr/bin/cmake --install /workspaces/ros2_fprime_bridge/ros_ws/build/dynamics_node
