[0.010s] Invoking command in '/workspaces/ros2_fprime_bridge/ros_ws/build/dynamics_node': CMAKE_PREFIX_PATH=/opt/ros/foxy /usr/bin/cmake --build /workspaces/ros2_fprime_bridge/ros_ws/build/dynamics_node -- -j20 -l20
[0.033s] -- Found ament_cmake: 0.9.11 (/opt/ros/foxy/share/ament_cmake/cmake)
[0.049s] -- Found PythonInterp: /usr/bin/python3 (found suitable version "3.8.10", minimum required is "3") 
[0.049s] -- Using PYTHON_EXECUTABLE: /usr/bin/python3
[0.136s] -- Found rclcpp: 2.4.2 (/opt/ros/foxy/share/rclcpp/cmake)
[0.155s] -- Using all available rosidl_typesupport_c: rosidl_typesupport_fastrtps_c;rosidl_typesupport_introspection_c
[0.157s] -- Found rosidl_adapter: 1.3.0 (/opt/ros/foxy/share/rosidl_adapter/cmake)
[0.216s] -- Using all available rosidl_typesupport_cpp: rosidl_typesupport_fastrtps_cpp;rosidl_typesupport_introspection_cpp
[0.248s] -- Found rmw_implementation_cmake: 1.0.3 (/opt/ros/foxy/share/rmw_implementation_cmake/cmake)
[0.249s] -- Using RMW implementation 'rmw_fastrtps_cpp' as default
[0.342s] -- Found rosidl_default_generators: 1.0.1 (/opt/ros/foxy/share/rosidl_default_generators/cmake)
[0.361s] -- Found PythonInterp: /usr/bin/python3 (found version "3.8.10") 
[0.437s] -- Found ament_cmake_ros: 0.9.2 (/opt/ros/foxy/share/ament_cmake_ros/cmake)
[0.483s] -- Using all available rosidl_typesupport_c: rosidl_typesupport_fastrtps_c;rosidl_typesupport_introspection_c
[0.488s] -- Using all available rosidl_typesupport_cpp: rosidl_typesupport_fastrtps_cpp;rosidl_typesupport_introspection_cpp
[0.504s] -- Found PythonInterp: /usr/bin/python3 (found suitable version "3.8.10", minimum required is "3.5") 
[0.504s] -- Found python_cmake_module: 0.8.1 (/opt/ros/foxy/share/python_cmake_module/cmake)
[0.522s] -- Using PYTHON_EXECUTABLE: /usr/bin/python3
[0.522s] -- Using PYTHON_INCLUDE_DIRS: /usr/include/python3.8
[0.522s] -- Using PYTHON_LIBRARIES: /usr/lib/x86_64-linux-gnu/libpython3.8.so
[0.531s] -- Found ament_lint_auto: 0.9.7 (/opt/ros/foxy/share/ament_lint_auto/cmake)
[0.537s] -- Added test 'copyright' to check source files copyright and LICENSE
[0.538s] -- Added test 'cppcheck' to perform static code analysis on C / C++ code
[0.538s] -- Configured cppcheck include dirs: 
[0.539s] -- Configured cppcheck exclude dirs and/or files: 
[0.539s] -- Added test 'cpplint' to check C / C++ code against the Google style
[0.539s] -- Configured cpplint exclude dirs and/or files: 
[0.539s] -- Added test 'lint_cmake' to check CMake code style
[0.540s] -- Added test 'uncrustify' to check C / C++ code style
[0.540s] -- Configured uncrustify additional arguments: 
[0.540s] -- Added test 'xmllint' to check XML markup files
[0.543s] -- Configuring done
[0.564s] -- Generating done
[0.566s] -- Build files have been written to: /workspaces/ros2_fprime_bridge/ros_ws/build/dynamics_node
[0.593s] [  2%] Built target dynamics_node__cpp
[0.594s] [ 12%] Built target dynamics_node__rosidl_generator_c
[0.607s] [ 46%] Built target dynamics_node__rosidl_typesupport_introspection_cpp
[0.607s] [ 46%] Built target dynamics_node__rosidl_typesupport_cpp
[0.607s] [ 51%] Built target dynamics_node__rosidl_typesupport_fastrtps_cpp
[0.607s] [ 53%] Built target dynamics_node__rosidl_typesupport_c
[0.607s] [ 60%] Built target dynamics_node__rosidl_typesupport_introspection_c
[0.621s] [ 70%] Built target dynamics_node__rosidl_typesupport_fastrtps_c
[0.638s] [ 70%] Built target dynamics_node
[0.647s] [35m[1mScanning dependencies of target dynamics[0m
[0.653s] [ 73%] Built target dynamics_node__py
[0.660s] [35m[1mScanning dependencies of target dynamics_node__python[0m
[0.670s] [ 75%] [32mBuilding CXX object CMakeFiles/dynamics.dir/src/dynamics_node.cpp.o[0m
[0.673s] [ 78%] [32mBuilding C object CMakeFiles/dynamics_node__python.dir/rosidl_generator_py/dynamics_node/msg/_control_signal_s.c.o[0m
[0.673s] [ 80%] [32mBuilding C object CMakeFiles/dynamics_node__python.dir/rosidl_generator_py/dynamics_node/msg/_state_s.c.o[0m
[0.728s] [ 82%] [32m[1mLinking C shared library rosidl_generator_py/dynamics_node/libdynamics_node__python.so[0m
[0.757s] [ 82%] Built target dynamics_node__python
[0.765s] [35m[1mScanning dependencies of target dynamics_node__rosidl_typesupport_introspection_c__pyext[0m
[0.765s] [35m[1mScanning dependencies of target dynamics_node__rosidl_typesupport_fastrtps_c__pyext[0m
[0.765s] [35m[1mScanning dependencies of target dynamics_node__rosidl_typesupport_c__pyext[0m
[0.778s] [ 90%] [32mBuilding C object CMakeFiles/dynamics_node__rosidl_typesupport_c__pyext.dir/rosidl_generator_py/dynamics_node/_dynamics_node_s.ep.rosidl_typesupport_c.c.o[0m
[0.778s] [ 90%] [32mBuilding C object CMakeFiles/dynamics_node__rosidl_typesupport_introspection_c__pyext.dir/rosidl_generator_py/dynamics_node/_dynamics_node_s.ep.rosidl_typesupport_introspection_c.c.o[0m
[0.778s] [ 90%] [32mBuilding C object CMakeFiles/dynamics_node__rosidl_typesupport_fastrtps_c__pyext.dir/rosidl_generator_py/dynamics_node/_dynamics_node_s.ep.rosidl_typesupport_fastrtps_c.c.o[0m
[0.833s] [ 97%] [32m[1mLinking CXX shared library rosidl_generator_py/dynamics_node/dynamics_node_s__rosidl_typesupport_fastrtps_c.cpython-38-x86_64-linux-gnu.so[0m
[0.833s] [ 97%] [32m[1mLinking C shared library rosidl_generator_py/dynamics_node/dynamics_node_s__rosidl_typesupport_c.cpython-38-x86_64-linux-gnu.so[0m
[0.833s] [ 97%] [32m[1mLinking C shared library rosidl_generator_py/dynamics_node/dynamics_node_s__rosidl_typesupport_introspection_c.cpython-38-x86_64-linux-gnu.so[0m
[0.857s] [ 97%] Built target dynamics_node__rosidl_typesupport_c__pyext
[0.857s] [ 97%] Built target dynamics_node__rosidl_typesupport_introspection_c__pyext
[0.875s] [ 97%] Built target dynamics_node__rosidl_typesupport_fastrtps_c__pyext
[1.391s] In file included from [01m[K/workspaces/ros2_fprime_bridge/ros_ws/src/dynamics_node/src/../include/dynamics_node/dynamics_node.hpp:15[m[K,
[1.391s]                  from [01m[K/workspaces/ros2_fprime_bridge/ros_ws/src/dynamics_node/src/dynamics_node.cpp:1[m[K:
[1.391s] [01m[K/workspaces/ros2_fprime_bridge/ros_ws/src/dynamics_node/src/../include/dynamics_node/../../../../../common/lulav_comm/udp/src/udp_client_server.hpp:12:11:[m[K [01;35m[Kwarning: [m[Knested namespace definitions only available with ‘[01m[K-std=c++17[m[K’ or ‘[01m[K-std=gnu++17[m[K’ [[01;35m[K-Wpedantic[m[K]
[1.391s]    12 | namespace [01;35m[Klulav[m[K::comm::udp
[1.391s]       |           [01;35m[K^~~~~[m[K
[1.412s] [01m[K/workspaces/ros2_fprime_bridge/ros_ws/src/dynamics_node/src/dynamics_node.cpp:[m[K In function ‘[01m[Kvoid _cb_enable(std_msgs::msg::Bool_<std::allocator<void> >::SharedPtr)[m[K’:
[1.412s] [01m[K/workspaces/ros2_fprime_bridge/ros_ws/src/dynamics_node/src/dynamics_node.cpp:22:54:[m[K [01;35m[Kwarning: [m[Kunused parameter ‘[01m[Kmsg[m[K’ [[01;35m[K-Wunused-parameter[m[K]
[1.412s]    22 | void _cb_enable([01;35m[Kconst std_msgs::msg::Bool::SharedPtr msg[m[K)
[1.412s]       |                 [01;35m[K~~~~~~~~~~~~~~~~~~~~~~~~~~~~~~~~~~~~~^~~[m[K
[4.045s] [100%] [32m[1mLinking CXX executable dynamics[0m
[4.191s] /usr/bin/ld: CMakeFiles/dynamics.dir/src/dynamics_node.cpp.o: in function `DynamicsNode::init_ros()':
[4.191s] dynamics_node.cpp:(.text+0x7f4): undefined reference to `DynamicsNode::_cb_enable(std::shared_ptr<std_msgs::msg::Bool_<std::allocator<void> > >)'
[4.200s] collect2: error: ld returned 1 exit status
[4.201s] make[2]: *** [CMakeFiles/dynamics.dir/build.make:132: dynamics] Error 1
[4.201s] make[1]: *** [CMakeFiles/Makefile2:249: CMakeFiles/dynamics.dir/all] Error 2
[4.201s] make: *** [Makefile:141: all] Error 2
[4.204s] Invoked command in '/workspaces/ros2_fprime_bridge/ros_ws/build/dynamics_node' returned '2': CMAKE_PREFIX_PATH=/opt/ros/foxy /usr/bin/cmake --build /workspaces/ros2_fprime_bridge/ros_ws/build/dynamics_node -- -j20 -l20
