[  2%] Built target dynamics_node__cpp
[ 12%] Built target dynamics_node__rosidl_generator_c
[ 29%] Built target dynamics_node__rosidl_typesupport_introspection_c
[ 31%] Built target dynamics_node__rosidl_typesupport_c
[ 46%] Built target dynamics_node__rosidl_typesupport_fastrtps_cpp
[ 51%] Built target dynamics_node__rosidl_typesupport_cpp
[ 60%] Built target dynamics_node__rosidl_typesupport_introspection_cpp
[ 70%] Built target dynamics_node__rosidl_typesupport_fastrtps_c
[ 70%] Built target dynamics_node
[35m[1mScanning dependencies of target dynamics[0m
[ 73%] Built target dynamics_node__py
[ 75%] [32mBuilding CXX object CMakeFiles/dynamics.dir/src/dynamics_node.cpp.o[0m
[ 82%] Built target dynamics_node__python
[ 97%] Built target dynamics_node__rosidl_typesupport_fastrtps_c__pyext
[ 97%] Built target dynamics_node__rosidl_typesupport_introspection_c__pyext
[ 97%] Built target dynamics_node__rosidl_typesupport_c__pyext
In file included from [01m[K/workspaces/ros2_fprime_bridge/ros_ws/src/dynamics_node/src/../include/dynamics_node/dynamics_node.hpp:15[m[K,
                 from [01m[K/workspaces/ros2_fprime_bridge/ros_ws/src/dynamics_node/src/dynamics_node.cpp:1[m[K:
[01m[K/workspaces/ros2_fprime_bridge/ros_ws/src/dynamics_node/src/../include/dynamics_node/../../../../../common/lulav_comm/udp/src/udp_client_server.hpp:12:11:[m[K [01;35m[Kwarning: [m[Knested namespace definitions only available with ‘[01m[K-std=c++17[m[K’ or ‘[01m[K-std=gnu++17[m[K’ [[01;35m[K-Wpedantic[m[K]
   12 | namespace [01;35m[Klulav[m[K::comm::udp
      |           [01;35m[K^~~~~[m[K
[01m[K/workspaces/ros2_fprime_bridge/ros_ws/src/dynamics_node/src/dynamics_node.cpp:[m[K In member function ‘[01m[Kvoid DynamicsNode::_cb_enable(std_msgs::msg::Bool_<std::allocator<void> >::SharedPtr)[m[K’:
[01m[K/workspaces/ros2_fprime_bridge/ros_ws/src/dynamics_node/src/dynamics_node.cpp:46:68:[m[K [01;35m[Kwarning: [m[Kunused parameter ‘[01m[Kmsg[m[K’ [[01;35m[K-Wunused-parameter[m[K]
   46 | void DynamicsNode::_cb_enable([01;35m[Kconst std_msgs::msg::Bool::SharedPtr msg[m[K)
      |                               [01;35m[K~~~~~~~~~~~~~~~~~~~~~~~~~~~~~~~~~~~~~^~~[m[K
[100%] [32m[1mLinking CXX executable dynamics[0m
[100%] Built target dynamics
-- Install configuration: ""
-- Up-to-date: /workspaces/ros2_fprime_bridge/ros_ws/install/dynamics_node/share/ament_index/resource_index/rosidl_interfaces/dynamics_node
-- Up-to-date: /workspaces/ros2_fprime_bridge/ros_ws/install/dynamics_node/include/dynamics_node
-- Up-to-date: /workspaces/ros2_fprime_bridge/ros_ws/install/dynamics_node/include/dynamics_node/msg
-- Up-to-date: /workspaces/ros2_fprime_bridge/ros_ws/install/dynamics_node/include/dynamics_node/msg/rosidl_generator_c__visibility_control.h
-- Up-to-date: /workspaces/ros2_fprime_bridge/ros_ws/install/dynamics_node/include/dynamics_node/msg/control_signal.h
-- Up-to-date: /workspaces/ros2_fprime_bridge/ros_ws/install/dynamics_node/include/dynamics_node/msg/detail
-- Up-to-date: /workspaces/ros2_fprime_bridge/ros_ws/install/dynamics_node/include/dynamics_node/msg/detail/control_signal__struct.h
-- Up-to-date: /workspaces/ros2_fprime_bridge/ros_ws/install/dynamics_node/include/dynamics_node/msg/detail/control_signal__functions.h
-- Up-to-date: /workspaces/ros2_fprime_bridge/ros_ws/install/dynamics_node/include/dynamics_node/msg/detail/state__functions.h
-- Up-to-date: /workspaces/ros2_fprime_bridge/ros_ws/install/dynamics_node/include/dynamics_node/msg/detail/state__struct.h
-- Up-to-date: /workspaces/ros2_fprime_bridge/ros_ws/install/dynamics_node/include/dynamics_node/msg/detail/state__functions.c
-- Up-to-date: /workspaces/ros2_fprime_bridge/ros_ws/install/dynamics_node/include/dynamics_node/msg/detail/control_signal__type_support.h
-- Up-to-date: /workspaces/ros2_fprime_bridge/ros_ws/install/dynamics_node/include/dynamics_node/msg/detail/state__type_support.h
-- Up-to-date: /workspaces/ros2_fprime_bridge/ros_ws/install/dynamics_node/include/dynamics_node/msg/detail/control_signal__functions.c
-- Up-to-date: /workspaces/ros2_fprime_bridge/ros_ws/install/dynamics_node/include/dynamics_node/msg/state.h
-- Up-to-date: /workspaces/ros2_fprime_bridge/ros_ws/install/dynamics_node/share/dynamics_node/environment/library_path.sh
-- Up-to-date: /workspaces/ros2_fprime_bridge/ros_ws/install/dynamics_node/share/dynamics_node/environment/library_path.dsv
-- Up-to-date: /workspaces/ros2_fprime_bridge/ros_ws/install/dynamics_node/lib/libdynamics_node__rosidl_generator_c.so
-- Up-to-date: /workspaces/ros2_fprime_bridge/ros_ws/install/dynamics_node/include/dynamics_node
-- Up-to-date: /workspaces/ros2_fprime_bridge/ros_ws/install/dynamics_node/include/dynamics_node/msg
-- Up-to-date: /workspaces/ros2_fprime_bridge/ros_ws/install/dynamics_node/include/dynamics_node/msg/detail
-- Up-to-date: /workspaces/ros2_fprime_bridge/ros_ws/install/dynamics_node/include/dynamics_node/msg/detail/control_signal__rosidl_typesupport_fastrtps_c.h
-- Up-to-date: /workspaces/ros2_fprime_bridge/ros_ws/install/dynamics_node/include/dynamics_node/msg/detail/state__rosidl_typesupport_fastrtps_c.h
-- Up-to-date: /workspaces/ros2_fprime_bridge/ros_ws/install/dynamics_node/include/dynamics_node/msg/rosidl_typesupport_fastrtps_c__visibility_control.h
-- Up-to-date: /workspaces/ros2_fprime_bridge/ros_ws/install/dynamics_node/lib/libdynamics_node__rosidl_typesupport_fastrtps_c.so
-- Up-to-date: /workspaces/ros2_fprime_bridge/ros_ws/install/dynamics_node/include/dynamics_node
-- Up-to-date: /workspaces/ros2_fprime_bridge/ros_ws/install/dynamics_node/include/dynamics_node/msg
-- Up-to-date: /workspaces/ros2_fprime_bridge/ros_ws/install/dynamics_node/include/dynamics_node/msg/rosidl_typesupport_fastrtps_cpp__visibility_control.h
-- Up-to-date: /workspaces/ros2_fprime_bridge/ros_ws/install/dynamics_node/include/dynamics_node/msg/detail
-- Up-to-date: /workspaces/ros2_fprime_bridge/ros_ws/install/dynamics_node/include/dynamics_node/msg/detail/dds_fastrtps
-- Up-to-date: /workspaces/ros2_fprime_bridge/ros_ws/install/dynamics_node/include/dynamics_node/msg/detail/state__rosidl_typesupport_fastrtps_cpp.hpp
-- Up-to-date: /workspaces/ros2_fprime_bridge/ros_ws/install/dynamics_node/include/dynamics_node/msg/detail/control_signal__rosidl_typesupport_fastrtps_cpp.hpp
-- Up-to-date: /workspaces/ros2_fprime_bridge/ros_ws/install/dynamics_node/lib/libdynamics_node__rosidl_typesupport_fastrtps_cpp.so
-- Up-to-date: /workspaces/ros2_fprime_bridge/ros_ws/install/dynamics_node/include/dynamics_node
-- Up-to-date: /workspaces/ros2_fprime_bridge/ros_ws/install/dynamics_node/include/dynamics_node/msg
-- Up-to-date: /workspaces/ros2_fprime_bridge/ros_ws/install/dynamics_node/include/dynamics_node/msg/rosidl_typesupport_introspection_c__visibility_control.h
-- Up-to-date: /workspaces/ros2_fprime_bridge/ros_ws/install/dynamics_node/include/dynamics_node/msg/detail
-- Up-to-date: /workspaces/ros2_fprime_bridge/ros_ws/install/dynamics_node/include/dynamics_node/msg/detail/control_signal__type_support.c
-- Up-to-date: /workspaces/ros2_fprime_bridge/ros_ws/install/dynamics_node/include/dynamics_node/msg/detail/control_signal__rosidl_typesupport_introspection_c.h
-- Up-to-date: /workspaces/ros2_fprime_bridge/ros_ws/install/dynamics_node/include/dynamics_node/msg/detail/state__type_support.c
-- Up-to-date: /workspaces/ros2_fprime_bridge/ros_ws/install/dynamics_node/include/dynamics_node/msg/detail/state__rosidl_typesupport_introspection_c.h
-- Up-to-date: /workspaces/ros2_fprime_bridge/ros_ws/install/dynamics_node/lib/libdynamics_node__rosidl_typesupport_introspection_c.so
-- Up-to-date: /workspaces/ros2_fprime_bridge/ros_ws/install/dynamics_node/lib/libdynamics_node__rosidl_typesupport_c.so
-- Up-to-date: /workspaces/ros2_fprime_bridge/ros_ws/install/dynamics_node/include/dynamics_node
-- Up-to-date: /workspaces/ros2_fprime_bridge/ros_ws/install/dynamics_node/include/dynamics_node/msg
-- Up-to-date: /workspaces/ros2_fprime_bridge/ros_ws/install/dynamics_node/include/dynamics_node/msg/state.hpp
-- Up-to-date: /workspaces/ros2_fprime_bridge/ros_ws/install/dynamics_node/include/dynamics_node/msg/control_signal.hpp
-- Up-to-date: /workspaces/ros2_fprime_bridge/ros_ws/install/dynamics_node/include/dynamics_node/msg/detail
-- Up-to-date: /workspaces/ros2_fprime_bridge/ros_ws/install/dynamics_node/include/dynamics_node/msg/detail/control_signal__traits.hpp
-- Up-to-date: /workspaces/ros2_fprime_bridge/ros_ws/install/dynamics_node/include/dynamics_node/msg/detail/state__builder.hpp
-- Up-to-date: /workspaces/ros2_fprime_bridge/ros_ws/install/dynamics_node/include/dynamics_node/msg/detail/control_signal__struct.hpp
-- Up-to-date: /workspaces/ros2_fprime_bridge/ros_ws/install/dynamics_node/include/dynamics_node/msg/detail/state__struct.hpp
-- Up-to-date: /workspaces/ros2_fprime_bridge/ros_ws/install/dynamics_node/include/dynamics_node/msg/detail/control_signal__builder.hpp
-- Up-to-date: /workspaces/ros2_fprime_bridge/ros_ws/install/dynamics_node/include/dynamics_node/msg/detail/state__traits.hpp
-- Up-to-date: /workspaces/ros2_fprime_bridge/ros_ws/install/dynamics_node/include/dynamics_node
-- Up-to-date: /workspaces/ros2_fprime_bridge/ros_ws/install/dynamics_node/include/dynamics_node/msg
-- Up-to-date: /workspaces/ros2_fprime_bridge/ros_ws/install/dynamics_node/include/dynamics_node/msg/detail
-- Up-to-date: /workspaces/ros2_fprime_bridge/ros_ws/install/dynamics_node/include/dynamics_node/msg/detail/state__rosidl_typesupport_introspection_cpp.hpp
-- Up-to-date: /workspaces/ros2_fprime_bridge/ros_ws/install/dynamics_node/include/dynamics_node/msg/detail/control_signal__type_support.cpp
-- Up-to-date: /workspaces/ros2_fprime_bridge/ros_ws/install/dynamics_node/include/dynamics_node/msg/detail/control_signal__rosidl_typesupport_introspection_cpp.hpp
-- Up-to-date: /workspaces/ros2_fprime_bridge/ros_ws/install/dynamics_node/include/dynamics_node/msg/detail/state__type_support.cpp
-- Up-to-date: /workspaces/ros2_fprime_bridge/ros_ws/install/dynamics_node/lib/libdynamics_node__rosidl_typesupport_introspection_cpp.so
-- Up-to-date: /workspaces/ros2_fprime_bridge/ros_ws/install/dynamics_node/lib/libdynamics_node__rosidl_typesupport_cpp.so
-- Up-to-date: /workspaces/ros2_fprime_bridge/ros_ws/install/dynamics_node/share/dynamics_node/environment/pythonpath.sh
-- Up-to-date: /workspaces/ros2_fprime_bridge/ros_ws/install/dynamics_node/share/dynamics_node/environment/pythonpath.dsv
-- Up-to-date: /workspaces/ros2_fprime_bridge/ros_ws/install/dynamics_node/lib/python3.8/site-packages/dynamics_node/__init__.py
-- Up-to-date: /workspaces/ros2_fprime_bridge/ros_ws/install/dynamics_node/lib/python3.8/site-packages/dynamics_node/msg
-- Up-to-date: /workspaces/ros2_fprime_bridge/ros_ws/install/dynamics_node/lib/python3.8/site-packages/dynamics_node/msg/_state_s.c
-- Up-to-date: /workspaces/ros2_fprime_bridge/ros_ws/install/dynamics_node/lib/python3.8/site-packages/dynamics_node/msg/_control_signal_s.c
-- Up-to-date: /workspaces/ros2_fprime_bridge/ros_ws/install/dynamics_node/lib/python3.8/site-packages/dynamics_node/msg/_control_signal.py
-- Up-to-date: /workspaces/ros2_fprime_bridge/ros_ws/install/dynamics_node/lib/python3.8/site-packages/dynamics_node/msg/_state.py
-- Up-to-date: /workspaces/ros2_fprime_bridge/ros_ws/install/dynamics_node/lib/python3.8/site-packages/dynamics_node/msg/__init__.py
-- Up-to-date: /workspaces/ros2_fprime_bridge/ros_ws/install/dynamics_node/lib/python3.8/site-packages/dynamics_node/dynamics_node_s__rosidl_typesupport_fastrtps_c.cpython-38-x86_64-linux-gnu.so
-- Up-to-date: /workspaces/ros2_fprime_bridge/ros_ws/install/dynamics_node/lib/python3.8/site-packages/dynamics_node/dynamics_node_s__rosidl_typesupport_introspection_c.cpython-38-x86_64-linux-gnu.so
-- Up-to-date: /workspaces/ros2_fprime_bridge/ros_ws/install/dynamics_node/lib/python3.8/site-packages/dynamics_node/dynamics_node_s__rosidl_typesupport_c.cpython-38-x86_64-linux-gnu.so
-- Up-to-date: /workspaces/ros2_fprime_bridge/ros_ws/install/dynamics_node/lib/libdynamics_node__python.so
-- Up-to-date: /workspaces/ros2_fprime_bridge/ros_ws/install/dynamics_node/share/dynamics_node/msg/ControlSignal.idl
-- Up-to-date: /workspaces/ros2_fprime_bridge/ros_ws/install/dynamics_node/share/dynamics_node/msg/State.idl
-- Up-to-date: /workspaces/ros2_fprime_bridge/ros_ws/install/dynamics_node/share/dynamics_node/msg/ControlSignal.msg
-- Up-to-date: /workspaces/ros2_fprime_bridge/ros_ws/install/dynamics_node/share/dynamics_node/msg/State.msg
-- Installing: /workspaces/ros2_fprime_bridge/ros_ws/install/dynamics_node/lib/dynamics_node/dynamics
-- Set runtime path of "/workspaces/ros2_fprime_bridge/ros_ws/install/dynamics_node/lib/dynamics_node/dynamics" to ""
-- Up-to-date: /workspaces/ros2_fprime_bridge/ros_ws/install/dynamics_node/share/ament_index/resource_index/package_run_dependencies/dynamics_node
-- Up-to-date: /workspaces/ros2_fprime_bridge/ros_ws/install/dynamics_node/share/ament_index/resource_index/parent_prefix_path/dynamics_node
-- Up-to-date: /workspaces/ros2_fprime_bridge/ros_ws/install/dynamics_node/share/dynamics_node/environment/ament_prefix_path.sh
-- Up-to-date: /workspaces/ros2_fprime_bridge/ros_ws/install/dynamics_node/share/dynamics_node/environment/ament_prefix_path.dsv
-- Up-to-date: /workspaces/ros2_fprime_bridge/ros_ws/install/dynamics_node/share/dynamics_node/environment/path.sh
-- Up-to-date: /workspaces/ros2_fprime_bridge/ros_ws/install/dynamics_node/share/dynamics_node/environment/path.dsv
-- Up-to-date: /workspaces/ros2_fprime_bridge/ros_ws/install/dynamics_node/share/dynamics_node/local_setup.bash
-- Up-to-date: /workspaces/ros2_fprime_bridge/ros_ws/install/dynamics_node/share/dynamics_node/local_setup.sh
-- Up-to-date: /workspaces/ros2_fprime_bridge/ros_ws/install/dynamics_node/share/dynamics_node/local_setup.zsh
-- Up-to-date: /workspaces/ros2_fprime_bridge/ros_ws/install/dynamics_node/share/dynamics_node/local_setup.dsv
-- Installing: /workspaces/ros2_fprime_bridge/ros_ws/install/dynamics_node/share/dynamics_node/package.dsv
-- Up-to-date: /workspaces/ros2_fprime_bridge/ros_ws/install/dynamics_node/share/ament_index/resource_index/packages/dynamics_node
-- Up-to-date: /workspaces/ros2_fprime_bridge/ros_ws/install/dynamics_node/share/dynamics_node/cmake/dynamics_node__rosidl_generator_cExport.cmake
-- Up-to-date: /workspaces/ros2_fprime_bridge/ros_ws/install/dynamics_node/share/dynamics_node/cmake/dynamics_node__rosidl_generator_cExport-noconfig.cmake
-- Up-to-date: /workspaces/ros2_fprime_bridge/ros_ws/install/dynamics_node/share/dynamics_node/cmake/dynamics_node__rosidl_typesupport_introspection_cExport.cmake
-- Up-to-date: /workspaces/ros2_fprime_bridge/ros_ws/install/dynamics_node/share/dynamics_node/cmake/dynamics_node__rosidl_typesupport_introspection_cExport-noconfig.cmake
-- Up-to-date: /workspaces/ros2_fprime_bridge/ros_ws/install/dynamics_node/share/dynamics_node/cmake/dynamics_node__rosidl_typesupport_cExport.cmake
-- Up-to-date: /workspaces/ros2_fprime_bridge/ros_ws/install/dynamics_node/share/dynamics_node/cmake/dynamics_node__rosidl_typesupport_cExport-noconfig.cmake
-- Up-to-date: /workspaces/ros2_fprime_bridge/ros_ws/install/dynamics_node/share/dynamics_node/cmake/dynamics_node__rosidl_generator_cppExport.cmake
-- Up-to-date: /workspaces/ros2_fprime_bridge/ros_ws/install/dynamics_node/share/dynamics_node/cmake/dynamics_node__rosidl_typesupport_introspection_cppExport.cmake
-- Up-to-date: /workspaces/ros2_fprime_bridge/ros_ws/install/dynamics_node/share/dynamics_node/cmake/dynamics_node__rosidl_typesupport_introspection_cppExport-noconfig.cmake
-- Up-to-date: /workspaces/ros2_fprime_bridge/ros_ws/install/dynamics_node/share/dynamics_node/cmake/dynamics_node__rosidl_typesupport_cppExport.cmake
-- Up-to-date: /workspaces/ros2_fprime_bridge/ros_ws/install/dynamics_node/share/dynamics_node/cmake/dynamics_node__rosidl_typesupport_cppExport-noconfig.cmake
-- Up-to-date: /workspaces/ros2_fprime_bridge/ros_ws/install/dynamics_node/share/dynamics_node/cmake/rosidl_cmake-extras.cmake
-- Up-to-date: /workspaces/ros2_fprime_bridge/ros_ws/install/dynamics_node/share/dynamics_node/cmake/ament_cmake_export_dependencies-extras.cmake
-- Up-to-date: /workspaces/ros2_fprime_bridge/ros_ws/install/dynamics_node/share/dynamics_node/cmake/ament_cmake_export_libraries-extras.cmake
-- Up-to-date: /workspaces/ros2_fprime_bridge/ros_ws/install/dynamics_node/share/dynamics_node/cmake/ament_cmake_export_targets-extras.cmake
-- Up-to-date: /workspaces/ros2_fprime_bridge/ros_ws/install/dynamics_node/share/dynamics_node/cmake/ament_cmake_export_include_directories-extras.cmake
-- Up-to-date: /workspaces/ros2_fprime_bridge/ros_ws/install/dynamics_node/share/dynamics_node/cmake/rosidl_cmake_export_typesupport_libraries-extras.cmake
-- Up-to-date: /workspaces/ros2_fprime_bridge/ros_ws/install/dynamics_node/share/dynamics_node/cmake/rosidl_cmake_export_typesupport_targets-extras.cmake
-- Up-to-date: /workspaces/ros2_fprime_bridge/ros_ws/install/dynamics_node/share/dynamics_node/cmake/dynamics_nodeConfig.cmake
-- Up-to-date: /workspaces/ros2_fprime_bridge/ros_ws/install/dynamics_node/share/dynamics_node/cmake/dynamics_nodeConfig-version.cmake
-- Up-to-date: /workspaces/ros2_fprime_bridge/ros_ws/install/dynamics_node/share/dynamics_node/package.xml
