[0.011s] Invoking command in '/workspaces/ros2_fprime_bridge/ros_ws/build/dynamics_node': /usr/bin/cmake /workspaces/ros2_fprime_bridge/ros_ws/src/dynamics_node -DCMAKE_INSTALL_PREFIX=/workspaces/ros2_fprime_bridge/ros_ws/install/dynamics_node
[0.021s] -- Found ament_cmake: 0.9.11 (/opt/ros/foxy/share/ament_cmake/cmake)
[0.038s] -- Using PYTHON_EXECUTABLE: /usr/bin/python3
[0.122s] -- Found rclcpp: 2.4.2 (/opt/ros/foxy/share/rclcpp/cmake)
[0.141s] -- Using all available rosidl_typesupport_c: rosidl_typesupport_fastrtps_c;rosidl_typesupport_introspection_c
[0.143s] -- Found rosidl_adapter: 1.3.0 (/opt/ros/foxy/share/rosidl_adapter/cmake)
[0.201s] -- Using all available rosidl_typesupport_cpp: rosidl_typesupport_fastrtps_cpp;rosidl_typesupport_introspection_cpp
[0.234s] -- Found rmw_implementation_cmake: 1.0.3 (/opt/ros/foxy/share/rmw_implementation_cmake/cmake)
[0.235s] -- Using RMW implementation 'rmw_fastrtps_cpp' as default
[0.329s] -- Found rosidl_default_generators: 1.0.1 (/opt/ros/foxy/share/rosidl_default_generators/cmake)
[0.349s] -- Found PythonInterp: /usr/bin/python3 (found version "3.8.10") 
[0.417s] Error parsing '/workspaces/ros2_fprime_bridge/ros_ws/src/dynamics_node/package.xml':
[0.426s] Traceback (most recent call last):
[0.426s]   File "/opt/ros/foxy/share/ament_cmake_core/cmake/core/package_xml_2_cmake.py", line 143, in <module>
[0.426s]     main()
[0.426s]   File "/opt/ros/foxy/share/ament_cmake_core/cmake/core/package_xml_2_cmake.py", line 52, in main
[0.426s]     raise e
[0.426s]   File "/opt/ros/foxy/share/ament_cmake_core/cmake/core/package_xml_2_cmake.py", line 48, in main
[0.427s]     package = parse_package_string(
[0.427s]   File "/usr/lib/python3/dist-packages/catkin_pkg/package.py", line 788, in parse_package_string
[0.427s]     pkg.validate(warnings=warnings)
[0.427s]   File "/usr/lib/python3/dist-packages/catkin_pkg/package.py", line 330, in validate
[0.427s]     raise InvalidPackage('\n'.join(errors), self.filename)
[0.427s] catkin_pkg.package.InvalidPackage: Error(s) in package '/workspaces/ros2_fprime_bridge/ros_ws/src/dynamics_node/package.xml':
[0.427s] The package "dynamics_node" must not "build_depend" on a package with the same name as this package
[0.427s] The package "dynamics_node" must not "build_export_depend" on a package with the same name as this package
[0.427s] The package "dynamics_node" must not "exec_depend" on a package with the same name as this package
[0.431s] CMake Error at /opt/ros/foxy/share/ament_cmake_core/cmake/core/ament_package_xml.cmake:94 (message):
[0.431s]   execute_process(/usr/bin/python3
[0.431s]   /opt/ros/foxy/share/ament_cmake_core/cmake/core/package_xml_2_cmake.py
[0.431s]   /workspaces/ros2_fprime_bridge/ros_ws/src/dynamics_node/package.xml
[0.431s]   /workspaces/ros2_fprime_bridge/ros_ws/build/dynamics_node/ament_cmake_core/package.cmake)
[0.431s]   returned error code 1
[0.432s] Call Stack (most recent call first):
[0.432s]   /opt/ros/foxy/share/ament_cmake_core/cmake/core/ament_package_xml.cmake:49 (_ament_package_xml)
[0.432s]   /opt/ros/foxy/share/rosidl_cmake/cmake/rosidl_generate_interfaces.cmake:226 (ament_package_xml)
[0.432s]   CMakeLists.txt:23 (rosidl_generate_interfaces)
[0.432s] 
[0.432s] 
[0.433s] -- Configuring incomplete, errors occurred!
[0.433s] See also "/workspaces/ros2_fprime_bridge/ros_ws/build/dynamics_node/CMakeFiles/CMakeOutput.log".
[0.433s] See also "/workspaces/ros2_fprime_bridge/ros_ws/build/dynamics_node/CMakeFiles/CMakeError.log".
[0.437s] Invoked command in '/workspaces/ros2_fprime_bridge/ros_ws/build/dynamics_node' returned '1': /usr/bin/cmake /workspaces/ros2_fprime_bridge/ros_ws/src/dynamics_node -DCMAKE_INSTALL_PREFIX=/workspaces/ros2_fprime_bridge/ros_ws/install/dynamics_node
