[0.009s] Invoking command in '/workspaces/ros2_fprime_bridge/ros_ws/build/dynamics_node': CMAKE_PREFIX_PATH=/opt/ros/foxy /usr/bin/cmake /workspaces/ros2_fprime_bridge/ros_ws/src/dynamics_node -DCMAKE_INSTALL_PREFIX=/workspaces/ros2_fprime_bridge/ros_ws/install/dynamics_node
[0.023s] -- Found ament_cmake: 0.9.11 (/opt/ros/foxy/share/ament_cmake/cmake)
[0.040s] -- Using PYTHON_EXECUTABLE: /usr/bin/python3
[0.121s] -- Found rclcpp: 2.4.2 (/opt/ros/foxy/share/rclcpp/cmake)
[0.141s] -- Using all available rosidl_typesupport_c: rosidl_typesupport_fastrtps_c;rosidl_typesupport_introspection_c
[0.142s] -- Found rosidl_adapter: 1.3.0 (/opt/ros/foxy/share/rosidl_adapter/cmake)
[0.201s] -- Using all available rosidl_typesupport_cpp: rosidl_typesupport_fastrtps_cpp;rosidl_typesupport_introspection_cpp
[0.233s] -- Found rmw_implementation_cmake: 1.0.3 (/opt/ros/foxy/share/rmw_implementation_cmake/cmake)
[0.234s] -- Using RMW implementation 'rmw_fastrtps_cpp' as default
[0.327s] -- Found rosidl_default_generators: 1.0.1 (/opt/ros/foxy/share/rosidl_default_generators/cmake)
[0.347s] -- Found PythonInterp: /usr/bin/python3 (found version "3.8.10") 
[0.429s] -- Found ament_cmake_ros: 0.9.2 (/opt/ros/foxy/share/ament_cmake_ros/cmake)
[0.475s] -- Using all available rosidl_typesupport_c: rosidl_typesupport_fastrtps_c;rosidl_typesupport_introspection_c
[0.479s] -- Using all available rosidl_typesupport_cpp: rosidl_typesupport_fastrtps_cpp;rosidl_typesupport_introspection_cpp
[0.494s] -- Found PythonInterp: /usr/bin/python3 (found suitable version "3.8.10", minimum required is "3.5") 
[0.495s] -- Found python_cmake_module: 0.8.1 (/opt/ros/foxy/share/python_cmake_module/cmake)
[0.512s] -- Found PythonLibs: /usr/lib/x86_64-linux-gnu/libpython3.8.so (found suitable version "3.8.10", minimum required is "3.5") 
[0.512s] -- Using PYTHON_EXECUTABLE: /usr/bin/python3
[0.512s] -- Using PYTHON_INCLUDE_DIRS: /usr/include/python3.8
[0.512s] -- Using PYTHON_LIBRARIES: /usr/lib/x86_64-linux-gnu/libpython3.8.so
[0.528s] -- Found PythonExtra: .so  
[0.561s] -- Found ament_lint_auto: 0.9.7 (/opt/ros/foxy/share/ament_lint_auto/cmake)
[0.572s] -- Added test 'copyright' to check source files copyright and LICENSE
[0.572s] -- Added test 'cppcheck' to perform static code analysis on C / C++ code
[0.573s] -- Configured cppcheck include dirs: 
[0.573s] -- Configured cppcheck exclude dirs and/or files: 
[0.574s] -- Added test 'cpplint' to check C / C++ code against the Google style
[0.574s] -- Configured cpplint exclude dirs and/or files: 
[0.574s] -- Added test 'lint_cmake' to check CMake code style
[0.574s] -- Added test 'uncrustify' to check C / C++ code style
[0.574s] -- Configured uncrustify additional arguments: 
[0.575s] -- Added test 'xmllint' to check XML markup files
[0.577s] -- Configuring done
[0.598s] -- Generating done
[0.599s] -- Build files have been written to: /workspaces/ros2_fprime_bridge/ros_ws/build/dynamics_node
[0.605s] Invoked command in '/workspaces/ros2_fprime_bridge/ros_ws/build/dynamics_node' returned '0': CMAKE_PREFIX_PATH=/opt/ros/foxy /usr/bin/cmake /workspaces/ros2_fprime_bridge/ros_ws/src/dynamics_node -DCMAKE_INSTALL_PREFIX=/workspaces/ros2_fprime_bridge/ros_ws/install/dynamics_node
[0.606s] Invoking command in '/workspaces/ros2_fprime_bridge/ros_ws/build/dynamics_node': CMAKE_PREFIX_PATH=/opt/ros/foxy /usr/bin/cmake --build /workspaces/ros2_fprime_bridge/ros_ws/build/dynamics_node -- -j20 -l20
[0.641s] [35m[1mScanning dependencies of target dynamics_node__cpp[0m
[0.641s] [  2%] [34m[1mGenerating C code for ROS interfaces[0m
[0.641s] [35m[1mScanning dependencies of target dynamics[0m
[0.648s] [  4%] [34m[1mGenerating C++ code for ROS interfaces[0m
[0.663s] [  7%] [32mBuilding CXX object CMakeFiles/dynamics.dir/src/dynamics_node.cpp.o[0m
[0.725s] In file included from [01m[K/workspaces/ros2_fprime_bridge/ros_ws/src/dynamics_node/src/dynamics_node.cpp:1[m[K:
[0.725s] [01m[K/workspaces/ros2_fprime_bridge/ros_ws/src/dynamics_node/src/../include/dynamics_node/dynamics_node.hpp:12:10:[m[K [01;31m[Kfatal error: [m[Kdynamics_node/msg/state.hpp: No such file or directory
[0.725s]    12 | #include [01;31m[K"dynamics_node/msg/state.hpp"[m[K
[0.725s]       |          [01;31m[K^~~~~~~~~~~~~~~~~~~~~~~~~~~~~[m[K
[0.725s] compilation terminated.
[0.727s] make[2]: *** [CMakeFiles/dynamics.dir/build.make:63: CMakeFiles/dynamics.dir/src/dynamics_node.cpp.o] Error 1
[0.727s] make[1]: *** [CMakeFiles/Makefile2:248: CMakeFiles/dynamics.dir/all] Error 2
[0.727s] make[1]: *** Waiting for unfinished jobs....
[0.801s] [35m[1mScanning dependencies of target dynamics_node__rosidl_generator_c[0m
[0.801s] [  7%] Built target dynamics_node__cpp
[0.809s] [  9%] [32mBuilding C object CMakeFiles/dynamics_node__rosidl_generator_c.dir/rosidl_generator_c/dynamics_node/msg/detail/state__functions.c.o[0m
[0.810s] [ 12%] [32mBuilding C object CMakeFiles/dynamics_node__rosidl_generator_c.dir/rosidl_generator_c/dynamics_node/msg/detail/control_signal__functions.c.o[0m
[0.842s] [ 14%] [32m[1mLinking C shared library libdynamics_node__rosidl_generator_c.so[0m
[0.866s] [ 14%] Built target dynamics_node__rosidl_generator_c
[0.867s] make: *** [Makefile:141: all] Error 2
[0.870s] Invoked command in '/workspaces/ros2_fprime_bridge/ros_ws/build/dynamics_node' returned '2': CMAKE_PREFIX_PATH=/opt/ros/foxy /usr/bin/cmake --build /workspaces/ros2_fprime_bridge/ros_ws/build/dynamics_node -- -j20 -l20
