[0.011s] Invoking command in '/workspaces/ros2_fprime_bridge/ros_ws/build/dynamics_node': CMAKE_PREFIX_PATH=/opt/ros/foxy /usr/bin/cmake --build /workspaces/ros2_fprime_bridge/ros_ws/build/dynamics_node -- -j20 -l20
[0.033s] -- Found ament_cmake: 0.9.11 (/opt/ros/foxy/share/ament_cmake/cmake)
[0.049s] -- Found PythonInterp: /usr/bin/python3 (found suitable version "3.8.10", minimum required is "3") 
[0.049s] -- Using PYTHON_EXECUTABLE: /usr/bin/python3
[0.132s] -- Found rclcpp: 2.4.2 (/opt/ros/foxy/share/rclcpp/cmake)
[0.151s] -- Using all available rosidl_typesupport_c: rosidl_typesupport_fastrtps_c;rosidl_typesupport_introspection_c
[0.153s] -- Found rosidl_adapter: 1.3.0 (/opt/ros/foxy/share/rosidl_adapter/cmake)
[0.212s] -- Using all available rosidl_typesupport_cpp: rosidl_typesupport_fastrtps_cpp;rosidl_typesupport_introspection_cpp
[0.244s] -- Found rmw_implementation_cmake: 1.0.3 (/opt/ros/foxy/share/rmw_implementation_cmake/cmake)
[0.245s] -- Using RMW implementation 'rmw_fastrtps_cpp' as default
[0.338s] -- Found rosidl_default_generators: 1.0.1 (/opt/ros/foxy/share/rosidl_default_generators/cmake)
[0.358s] -- Found PythonInterp: /usr/bin/python3 (found version "3.8.10") 
[0.435s] -- Found ament_cmake_ros: 0.9.2 (/opt/ros/foxy/share/ament_cmake_ros/cmake)
[0.479s] -- Using all available rosidl_typesupport_c: rosidl_typesupport_fastrtps_c;rosidl_typesupport_introspection_c
[0.483s] -- Using all available rosidl_typesupport_cpp: rosidl_typesupport_fastrtps_cpp;rosidl_typesupport_introspection_cpp
[0.498s] -- Found PythonInterp: /usr/bin/python3 (found suitable version "3.8.10", minimum required is "3.5") 
[0.498s] -- Found python_cmake_module: 0.8.1 (/opt/ros/foxy/share/python_cmake_module/cmake)
[0.513s] -- Using PYTHON_EXECUTABLE: /usr/bin/python3
[0.513s] -- Using PYTHON_INCLUDE_DIRS: /usr/include/python3.8
[0.513s] -- Using PYTHON_LIBRARIES: /usr/lib/x86_64-linux-gnu/libpython3.8.so
[0.522s] -- Found ament_lint_auto: 0.9.7 (/opt/ros/foxy/share/ament_lint_auto/cmake)
[0.529s] -- Added test 'copyright' to check source files copyright and LICENSE
[0.529s] -- Added test 'cppcheck' to perform static code analysis on C / C++ code
[0.530s] -- Configured cppcheck include dirs: 
[0.530s] -- Configured cppcheck exclude dirs and/or files: 
[0.530s] -- Added test 'cpplint' to check C / C++ code against the Google style
[0.530s] -- Configured cpplint exclude dirs and/or files: 
[0.531s] -- Added test 'lint_cmake' to check CMake code style
[0.531s] -- Added test 'uncrustify' to check C / C++ code style
[0.531s] -- Configured uncrustify additional arguments: 
[0.531s] -- Added test 'xmllint' to check XML markup files
[0.534s] -- Configuring done
[0.556s] -- Generating done
[0.558s] -- Build files have been written to: /workspaces/ros2_fprime_bridge/ros_ws/build/dynamics_node
[0.574s] [35m[1mScanning dependencies of target example[0m
[0.580s] [  4%] Built target dynamics_node__cpp
[0.580s] [  4%] [32mBuilding CXX object CMakeFiles/example.dir/workspaces/ros2_fprime_bridge/examples/spring_mass_dumper/src/dynamics.cpp.o[0m
[0.581s] [ 13%] Built target dynamics_node__rosidl_generator_c
[0.593s] [ 32%] Built target dynamics_node__rosidl_typesupport_introspection_cpp
[0.594s] [ 34%] Built target dynamics_node__rosidl_typesupport_introspection_c
[0.594s] [ 44%] Built target dynamics_node__rosidl_typesupport_cpp
[0.594s] [ 51%] Built target dynamics_node__rosidl_typesupport_c
[0.594s] [ 60%] Built target dynamics_node__rosidl_typesupport_fastrtps_cpp
[0.597s] [ 62%] [32m[1mLinking CXX static library libexample.a[0m
[0.608s] [ 72%] Built target dynamics_node__rosidl_typesupport_fastrtps_c
[0.616s] [ 72%] Built target example
[0.622s] [ 72%] Built target dynamics_node
[0.630s] [35m[1mScanning dependencies of target dynamics[0m
[0.636s] [ 74%] Built target dynamics_node__py
[0.645s] [ 76%] [32m[1mLinking CXX executable dynamics[0m
[0.655s] [ 83%] Built target dynamics_node__python
[0.674s] [ 90%] Built target dynamics_node__rosidl_typesupport_fastrtps_c__pyext
[0.674s] [ 93%] Built target dynamics_node__rosidl_typesupport_introspection_c__pyext
[0.675s] [ 97%] Built target dynamics_node__rosidl_typesupport_c__pyext
[0.808s] [100%] Built target dynamics
[0.820s] Invoked command in '/workspaces/ros2_fprime_bridge/ros_ws/build/dynamics_node' returned '0': CMAKE_PREFIX_PATH=/opt/ros/foxy /usr/bin/cmake --build /workspaces/ros2_fprime_bridge/ros_ws/build/dynamics_node -- -j20 -l20
[0.899s] Invoking command in '/workspaces/ros2_fprime_bridge/ros_ws/build/dynamics_node': CMAKE_PREFIX_PATH=/opt/ros/foxy /usr/bin/cmake --install /workspaces/ros2_fprime_bridge/ros_ws/build/dynamics_node
[0.909s] -- Install configuration: ""
[0.909s] -- Up-to-date: /workspaces/ros2_fprime_bridge/ros_ws/install/dynamics_node/share/ament_index/resource_index/rosidl_interfaces/dynamics_node
[0.909s] -- Up-to-date: /workspaces/ros2_fprime_bridge/ros_ws/install/dynamics_node/include/dynamics_node
[0.909s] -- Up-to-date: /workspaces/ros2_fprime_bridge/ros_ws/install/dynamics_node/include/dynamics_node/msg
[0.909s] -- Up-to-date: /workspaces/ros2_fprime_bridge/ros_ws/install/dynamics_node/include/dynamics_node/msg/rosidl_generator_c__visibility_control.h
[0.909s] -- Up-to-date: /workspaces/ros2_fprime_bridge/ros_ws/install/dynamics_node/include/dynamics_node/msg/control_signal.h
[0.910s] -- Up-to-date: /workspaces/ros2_fprime_bridge/ros_ws/install/dynamics_node/include/dynamics_node/msg/detail
[0.910s] -- Up-to-date: /workspaces/ros2_fprime_bridge/ros_ws/install/dynamics_node/include/dynamics_node/msg/detail/control_signal__struct.h
[0.910s] -- Up-to-date: /workspaces/ros2_fprime_bridge/ros_ws/install/dynamics_node/include/dynamics_node/msg/detail/control_signal__functions.h
[0.910s] -- Up-to-date: /workspaces/ros2_fprime_bridge/ros_ws/install/dynamics_node/include/dynamics_node/msg/detail/state__functions.h
[0.910s] -- Up-to-date: /workspaces/ros2_fprime_bridge/ros_ws/install/dynamics_node/include/dynamics_node/msg/detail/state__struct.h
[0.910s] -- Up-to-date: /workspaces/ros2_fprime_bridge/ros_ws/install/dynamics_node/include/dynamics_node/msg/detail/state__functions.c
[0.910s] -- Up-to-date: /workspaces/ros2_fprime_bridge/ros_ws/install/dynamics_node/include/dynamics_node/msg/detail/control_signal__type_support.h
[0.910s] -- Up-to-date: /workspaces/ros2_fprime_bridge/ros_ws/install/dynamics_node/include/dynamics_node/msg/detail/state__type_support.h
[0.910s] -- Up-to-date: /workspaces/ros2_fprime_bridge/ros_ws/install/dynamics_node/include/dynamics_node/msg/detail/control_signal__functions.c
[0.910s] -- Up-to-date: /workspaces/ros2_fprime_bridge/ros_ws/install/dynamics_node/include/dynamics_node/msg/state.h
[0.911s] -- Up-to-date: /workspaces/ros2_fprime_bridge/ros_ws/install/dynamics_node/share/dynamics_node/environment/library_path.sh
[0.911s] -- Installing: /workspaces/ros2_fprime_bridge/ros_ws/install/dynamics_node/share/dynamics_node/environment/library_path.dsv
[0.911s] -- Up-to-date: /workspaces/ros2_fprime_bridge/ros_ws/install/dynamics_node/lib/libdynamics_node__rosidl_generator_c.so
[0.911s] -- Up-to-date: /workspaces/ros2_fprime_bridge/ros_ws/install/dynamics_node/include/dynamics_node
[0.911s] -- Up-to-date: /workspaces/ros2_fprime_bridge/ros_ws/install/dynamics_node/include/dynamics_node/msg
[0.911s] -- Up-to-date: /workspaces/ros2_fprime_bridge/ros_ws/install/dynamics_node/include/dynamics_node/msg/detail
[0.911s] -- Up-to-date: /workspaces/ros2_fprime_bridge/ros_ws/install/dynamics_node/include/dynamics_node/msg/detail/control_signal__rosidl_typesupport_fastrtps_c.h
[0.911s] -- Up-to-date: /workspaces/ros2_fprime_bridge/ros_ws/install/dynamics_node/include/dynamics_node/msg/detail/state__rosidl_typesupport_fastrtps_c.h
[0.911s] -- Up-to-date: /workspaces/ros2_fprime_bridge/ros_ws/install/dynamics_node/include/dynamics_node/msg/rosidl_typesupport_fastrtps_c__visibility_control.h
[0.911s] -- Up-to-date: /workspaces/ros2_fprime_bridge/ros_ws/install/dynamics_node/lib/libdynamics_node__rosidl_typesupport_fastrtps_c.so
[0.911s] -- Up-to-date: /workspaces/ros2_fprime_bridge/ros_ws/install/dynamics_node/include/dynamics_node
[0.911s] -- Up-to-date: /workspaces/ros2_fprime_bridge/ros_ws/install/dynamics_node/include/dynamics_node/msg
[0.911s] -- Up-to-date: /workspaces/ros2_fprime_bridge/ros_ws/install/dynamics_node/include/dynamics_node/msg/rosidl_typesupport_fastrtps_cpp__visibility_control.h
[0.911s] -- Up-to-date: /workspaces/ros2_fprime_bridge/ros_ws/install/dynamics_node/include/dynamics_node/msg/detail
[0.911s] -- Up-to-date: /workspaces/ros2_fprime_bridge/ros_ws/install/dynamics_node/include/dynamics_node/msg/detail/dds_fastrtps
[0.911s] -- Up-to-date: /workspaces/ros2_fprime_bridge/ros_ws/install/dynamics_node/include/dynamics_node/msg/detail/state__rosidl_typesupport_fastrtps_cpp.hpp
[0.912s] -- Up-to-date: /workspaces/ros2_fprime_bridge/ros_ws/install/dynamics_node/include/dynamics_node/msg/detail/control_signal__rosidl_typesupport_fastrtps_cpp.hpp
[0.912s] -- Up-to-date: /workspaces/ros2_fprime_bridge/ros_ws/install/dynamics_node/lib/libdynamics_node__rosidl_typesupport_fastrtps_cpp.so
[0.912s] -- Up-to-date: /workspaces/ros2_fprime_bridge/ros_ws/install/dynamics_node/include/dynamics_node
[0.912s] -- Up-to-date: /workspaces/ros2_fprime_bridge/ros_ws/install/dynamics_node/include/dynamics_node/msg
[0.912s] -- Up-to-date: /workspaces/ros2_fprime_bridge/ros_ws/install/dynamics_node/include/dynamics_node/msg/rosidl_typesupport_introspection_c__visibility_control.h
[0.912s] -- Up-to-date: /workspaces/ros2_fprime_bridge/ros_ws/install/dynamics_node/include/dynamics_node/msg/detail
[0.912s] -- Up-to-date: /workspaces/ros2_fprime_bridge/ros_ws/install/dynamics_node/include/dynamics_node/msg/detail/control_signal__type_support.c
[0.912s] -- Up-to-date: /workspaces/ros2_fprime_bridge/ros_ws/install/dynamics_node/include/dynamics_node/msg/detail/control_signal__rosidl_typesupport_introspection_c.h
[0.912s] -- Up-to-date: /workspaces/ros2_fprime_bridge/ros_ws/install/dynamics_node/include/dynamics_node/msg/detail/state__type_support.c
[0.912s] -- Up-to-date: /workspaces/ros2_fprime_bridge/ros_ws/install/dynamics_node/include/dynamics_node/msg/detail/state__rosidl_typesupport_introspection_c.h
[0.912s] -- Up-to-date: /workspaces/ros2_fprime_bridge/ros_ws/install/dynamics_node/lib/libdynamics_node__rosidl_typesupport_introspection_c.so
[0.912s] -- Up-to-date: /workspaces/ros2_fprime_bridge/ros_ws/install/dynamics_node/lib/libdynamics_node__rosidl_typesupport_c.so
[0.912s] -- Up-to-date: /workspaces/ros2_fprime_bridge/ros_ws/install/dynamics_node/include/dynamics_node
[0.912s] -- Up-to-date: /workspaces/ros2_fprime_bridge/ros_ws/install/dynamics_node/include/dynamics_node/msg
[0.912s] -- Up-to-date: /workspaces/ros2_fprime_bridge/ros_ws/install/dynamics_node/include/dynamics_node/msg/state.hpp
[0.912s] -- Up-to-date: /workspaces/ros2_fprime_bridge/ros_ws/install/dynamics_node/include/dynamics_node/msg/control_signal.hpp
[0.912s] -- Up-to-date: /workspaces/ros2_fprime_bridge/ros_ws/install/dynamics_node/include/dynamics_node/msg/detail
[0.913s] -- Up-to-date: /workspaces/ros2_fprime_bridge/ros_ws/install/dynamics_node/include/dynamics_node/msg/detail/control_signal__traits.hpp
[0.913s] -- Up-to-date: /workspaces/ros2_fprime_bridge/ros_ws/install/dynamics_node/include/dynamics_node/msg/detail/state__builder.hpp
[0.913s] -- Up-to-date: /workspaces/ros2_fprime_bridge/ros_ws/install/dynamics_node/include/dynamics_node/msg/detail/control_signal__struct.hpp
[0.913s] -- Up-to-date: /workspaces/ros2_fprime_bridge/ros_ws/install/dynamics_node/include/dynamics_node/msg/detail/state__struct.hpp
[0.913s] -- Up-to-date: /workspaces/ros2_fprime_bridge/ros_ws/install/dynamics_node/include/dynamics_node/msg/detail/control_signal__builder.hpp
[0.913s] -- Up-to-date: /workspaces/ros2_fprime_bridge/ros_ws/install/dynamics_node/include/dynamics_node/msg/detail/state__traits.hpp
[0.913s] -- Up-to-date: /workspaces/ros2_fprime_bridge/ros_ws/install/dynamics_node/include/dynamics_node
[0.913s] -- Up-to-date: /workspaces/ros2_fprime_bridge/ros_ws/install/dynamics_node/include/dynamics_node/msg
[0.913s] -- Up-to-date: /workspaces/ros2_fprime_bridge/ros_ws/install/dynamics_node/include/dynamics_node/msg/detail
[0.913s] -- Up-to-date: /workspaces/ros2_fprime_bridge/ros_ws/install/dynamics_node/include/dynamics_node/msg/detail/state__rosidl_typesupport_introspection_cpp.hpp
[0.913s] -- Up-to-date: /workspaces/ros2_fprime_bridge/ros_ws/install/dynamics_node/include/dynamics_node/msg/detail/control_signal__type_support.cpp
[0.913s] -- Up-to-date: /workspaces/ros2_fprime_bridge/ros_ws/install/dynamics_node/include/dynamics_node/msg/detail/control_signal__rosidl_typesupport_introspection_cpp.hpp
[0.913s] -- Up-to-date: /workspaces/ros2_fprime_bridge/ros_ws/install/dynamics_node/include/dynamics_node/msg/detail/state__type_support.cpp
[0.913s] -- Up-to-date: /workspaces/ros2_fprime_bridge/ros_ws/install/dynamics_node/lib/libdynamics_node__rosidl_typesupport_introspection_cpp.so
[0.913s] -- Up-to-date: /workspaces/ros2_fprime_bridge/ros_ws/install/dynamics_node/lib/libdynamics_node__rosidl_typesupport_cpp.so
[0.913s] -- Up-to-date: /workspaces/ros2_fprime_bridge/ros_ws/install/dynamics_node/share/dynamics_node/environment/pythonpath.sh
[0.913s] -- Installing: /workspaces/ros2_fprime_bridge/ros_ws/install/dynamics_node/share/dynamics_node/environment/pythonpath.dsv
[0.913s] -- Installing: /workspaces/ros2_fprime_bridge/ros_ws/install/dynamics_node/lib/python3.8/site-packages/dynamics_node/__init__.py
[0.933s] Compiling '/workspaces/ros2_fprime_bridge/ros_ws/install/dynamics_node/lib/python3.8/site-packages/dynamics_node/__init__.py'...
[0.936s] -- Up-to-date: /workspaces/ros2_fprime_bridge/ros_ws/install/dynamics_node/lib/python3.8/site-packages/dynamics_node/msg
[0.936s] -- Up-to-date: /workspaces/ros2_fprime_bridge/ros_ws/install/dynamics_node/lib/python3.8/site-packages/dynamics_node/msg/_state_s.c
[0.936s] -- Up-to-date: /workspaces/ros2_fprime_bridge/ros_ws/install/dynamics_node/lib/python3.8/site-packages/dynamics_node/msg/_control_signal_s.c
[0.936s] -- Up-to-date: /workspaces/ros2_fprime_bridge/ros_ws/install/dynamics_node/lib/python3.8/site-packages/dynamics_node/msg/_control_signal.py
[0.936s] -- Up-to-date: /workspaces/ros2_fprime_bridge/ros_ws/install/dynamics_node/lib/python3.8/site-packages/dynamics_node/msg/_state.py
[0.936s] -- Up-to-date: /workspaces/ros2_fprime_bridge/ros_ws/install/dynamics_node/lib/python3.8/site-packages/dynamics_node/msg/__init__.py
[0.937s] -- Up-to-date: /workspaces/ros2_fprime_bridge/ros_ws/install/dynamics_node/lib/python3.8/site-packages/dynamics_node/dynamics_node_s__rosidl_typesupport_fastrtps_c.cpython-38-x86_64-linux-gnu.so
[0.937s] -- Up-to-date: /workspaces/ros2_fprime_bridge/ros_ws/install/dynamics_node/lib/python3.8/site-packages/dynamics_node/dynamics_node_s__rosidl_typesupport_introspection_c.cpython-38-x86_64-linux-gnu.so
[0.937s] -- Up-to-date: /workspaces/ros2_fprime_bridge/ros_ws/install/dynamics_node/lib/python3.8/site-packages/dynamics_node/dynamics_node_s__rosidl_typesupport_c.cpython-38-x86_64-linux-gnu.so
[0.937s] -- Up-to-date: /workspaces/ros2_fprime_bridge/ros_ws/install/dynamics_node/lib/libdynamics_node__python.so
[0.938s] -- Up-to-date: /workspaces/ros2_fprime_bridge/ros_ws/install/dynamics_node/share/dynamics_node/msg/ControlSignal.idl
[0.938s] -- Up-to-date: /workspaces/ros2_fprime_bridge/ros_ws/install/dynamics_node/share/dynamics_node/msg/State.idl
[0.938s] -- Up-to-date: /workspaces/ros2_fprime_bridge/ros_ws/install/dynamics_node/share/dynamics_node/msg/ControlSignal.msg
[0.938s] -- Up-to-date: /workspaces/ros2_fprime_bridge/ros_ws/install/dynamics_node/share/dynamics_node/msg/State.msg
[0.938s] -- Installing: /workspaces/ros2_fprime_bridge/ros_ws/install/dynamics_node/lib/dynamics_node/dynamics
[0.939s] -- Set runtime path of "/workspaces/ros2_fprime_bridge/ros_ws/install/dynamics_node/lib/dynamics_node/dynamics" to ""
[0.939s] -- Up-to-date: /workspaces/ros2_fprime_bridge/ros_ws/install/dynamics_node/share/ament_index/resource_index/package_run_dependencies/dynamics_node
[0.940s] -- Up-to-date: /workspaces/ros2_fprime_bridge/ros_ws/install/dynamics_node/share/ament_index/resource_index/parent_prefix_path/dynamics_node
[0.940s] -- Up-to-date: /workspaces/ros2_fprime_bridge/ros_ws/install/dynamics_node/share/dynamics_node/environment/ament_prefix_path.sh
[0.940s] -- Installing: /workspaces/ros2_fprime_bridge/ros_ws/install/dynamics_node/share/dynamics_node/environment/ament_prefix_path.dsv
[0.940s] -- Up-to-date: /workspaces/ros2_fprime_bridge/ros_ws/install/dynamics_node/share/dynamics_node/environment/path.sh
[0.940s] -- Installing: /workspaces/ros2_fprime_bridge/ros_ws/install/dynamics_node/share/dynamics_node/environment/path.dsv
[0.940s] -- Up-to-date: /workspaces/ros2_fprime_bridge/ros_ws/install/dynamics_node/share/dynamics_node/local_setup.bash
[0.940s] -- Up-to-date: /workspaces/ros2_fprime_bridge/ros_ws/install/dynamics_node/share/dynamics_node/local_setup.sh
[0.940s] -- Up-to-date: /workspaces/ros2_fprime_bridge/ros_ws/install/dynamics_node/share/dynamics_node/local_setup.zsh
[0.940s] -- Installing: /workspaces/ros2_fprime_bridge/ros_ws/install/dynamics_node/share/dynamics_node/local_setup.dsv
[0.940s] -- Installing: /workspaces/ros2_fprime_bridge/ros_ws/install/dynamics_node/share/dynamics_node/package.dsv
[0.940s] -- Up-to-date: /workspaces/ros2_fprime_bridge/ros_ws/install/dynamics_node/share/ament_index/resource_index/packages/dynamics_node
[0.940s] -- Up-to-date: /workspaces/ros2_fprime_bridge/ros_ws/install/dynamics_node/share/dynamics_node/cmake/dynamics_node__rosidl_generator_cExport.cmake
[0.940s] -- Installing: /workspaces/ros2_fprime_bridge/ros_ws/install/dynamics_node/share/dynamics_node/cmake/dynamics_node__rosidl_generator_cExport-noconfig.cmake
[0.940s] -- Up-to-date: /workspaces/ros2_fprime_bridge/ros_ws/install/dynamics_node/share/dynamics_node/cmake/dynamics_node__rosidl_typesupport_introspection_cExport.cmake
[0.940s] -- Installing: /workspaces/ros2_fprime_bridge/ros_ws/install/dynamics_node/share/dynamics_node/cmake/dynamics_node__rosidl_typesupport_introspection_cExport-noconfig.cmake
[0.941s] -- Up-to-date: /workspaces/ros2_fprime_bridge/ros_ws/install/dynamics_node/share/dynamics_node/cmake/dynamics_node__rosidl_typesupport_cExport.cmake
[0.941s] -- Installing: /workspaces/ros2_fprime_bridge/ros_ws/install/dynamics_node/share/dynamics_node/cmake/dynamics_node__rosidl_typesupport_cExport-noconfig.cmake
[0.941s] -- Up-to-date: /workspaces/ros2_fprime_bridge/ros_ws/install/dynamics_node/share/dynamics_node/cmake/dynamics_node__rosidl_generator_cppExport.cmake
[0.941s] -- Up-to-date: /workspaces/ros2_fprime_bridge/ros_ws/install/dynamics_node/share/dynamics_node/cmake/dynamics_node__rosidl_typesupport_introspection_cppExport.cmake
[0.941s] -- Installing: /workspaces/ros2_fprime_bridge/ros_ws/install/dynamics_node/share/dynamics_node/cmake/dynamics_node__rosidl_typesupport_introspection_cppExport-noconfig.cmake
[0.941s] -- Up-to-date: /workspaces/ros2_fprime_bridge/ros_ws/install/dynamics_node/share/dynamics_node/cmake/dynamics_node__rosidl_typesupport_cppExport.cmake
[0.941s] -- Installing: /workspaces/ros2_fprime_bridge/ros_ws/install/dynamics_node/share/dynamics_node/cmake/dynamics_node__rosidl_typesupport_cppExport-noconfig.cmake
[0.941s] -- Up-to-date: /workspaces/ros2_fprime_bridge/ros_ws/install/dynamics_node/share/dynamics_node/cmake/rosidl_cmake-extras.cmake
[0.941s] -- Up-to-date: /workspaces/ros2_fprime_bridge/ros_ws/install/dynamics_node/share/dynamics_node/cmake/ament_cmake_export_dependencies-extras.cmake
[0.941s] -- Up-to-date: /workspaces/ros2_fprime_bridge/ros_ws/install/dynamics_node/share/dynamics_node/cmake/ament_cmake_export_libraries-extras.cmake
[0.941s] -- Up-to-date: /workspaces/ros2_fprime_bridge/ros_ws/install/dynamics_node/share/dynamics_node/cmake/ament_cmake_export_targets-extras.cmake
[0.941s] -- Up-to-date: /workspaces/ros2_fprime_bridge/ros_ws/install/dynamics_node/share/dynamics_node/cmake/ament_cmake_export_include_directories-extras.cmake
[0.941s] -- Up-to-date: /workspaces/ros2_fprime_bridge/ros_ws/install/dynamics_node/share/dynamics_node/cmake/rosidl_cmake_export_typesupport_libraries-extras.cmake
[0.941s] -- Up-to-date: /workspaces/ros2_fprime_bridge/ros_ws/install/dynamics_node/share/dynamics_node/cmake/rosidl_cmake_export_typesupport_targets-extras.cmake
[0.941s] -- Up-to-date: /workspaces/ros2_fprime_bridge/ros_ws/install/dynamics_node/share/dynamics_node/cmake/dynamics_nodeConfig.cmake
[0.942s] -- Up-to-date: /workspaces/ros2_fprime_bridge/ros_ws/install/dynamics_node/share/dynamics_node/cmake/dynamics_nodeConfig-version.cmake
[0.942s] -- Up-to-date: /workspaces/ros2_fprime_bridge/ros_ws/install/dynamics_node/share/dynamics_node/package.xml
[0.944s] Invoked command in '/workspaces/ros2_fprime_bridge/ros_ws/build/dynamics_node' returned '0': CMAKE_PREFIX_PATH=/opt/ros/foxy /usr/bin/cmake --install /workspaces/ros2_fprime_bridge/ros_ws/build/dynamics_node
